2025-06-06 14:32:19 | INFO | fairseq.tasks.text_to_speech | Please install tensorboardX: pip install tensorboardX
2025-06-06 14:32:21 | INFO | fairseq_cli.train | {'_name': None, 'common': {'_name': None, 'no_progress_bar': True, 'log_interval': 1000, 'log_format': 'simple', 'log_file': None, 'aim_repo': None, 'aim_run_hash': None, 'tensorboard_logdir': None, 'wandb_project': None, 'azureml_logging': False, 'seed': 0, 'cpu': False, 'tpu': False, 'bf16': False, 'memory_efficient_bf16': False, 'fp16': True, 'memory_efficient_fp16': False, 'fp16_no_flatten_grads': False, 'fp16_init_scale': 128, 'fp16_scale_window': None, 'fp16_scale_tolerance': 0.0, 'on_cpu_convert_precision': False, 'min_loss_scale': 0.0001, 'threshold_loss_scale': None, 'amp': False, 'amp_batch_retries': 2, 'amp_init_scale': 128, 'amp_scale_window': None, 'user_dir': 'C:/Users/33491/PycharmProjects/machine/pdec_work/models/PhasedDecoder', 'empty_cache_freq': 0, 'all_gather_list_size': 16384, 'model_parallel_size': 1, 'quantization_config_path': None, 'profile': False, 'reset_logging': False, 'suppress_crashes': False, 'use_plasma_view': False, 'plasma_path': '/tmp/plasma'}, 'common_eval': {'_name': None, 'path': None, 'post_process': None, 'quiet': False, 'model_overrides': '{}', 'results_path': None}, 'distributed_training': {'_name': None, 'distributed_world_size': 1, 'distributed_num_procs': 1, 'distributed_rank': 0, 'distributed_backend': 'nccl', 'distributed_init_method': None, 'distributed_port': -1, 'device_id': 0, 'distributed_no_spawn': False, 'ddp_backend': 'no_c10d', 'ddp_comm_hook': 'none', 'bucket_cap_mb': 25, 'fix_batches_to_gpus': False, 'find_unused_parameters': False, 'gradient_as_bucket_view': False, 'fast_stat_sync': False, 'heartbeat_timeout': -1, 'broadcast_buffers': False, 'slowmo_momentum': None, 'slowmo_base_algorithm': 'localsgd', 'localsgd_frequency': 3, 'nprocs_per_node': 1, 'pipeline_model_parallel': False, 'pipeline_balance': None, 'pipeline_devices': None, 'pipeline_chunks': 0, 'pipeline_encoder_balance': None, 'pipeline_encoder_devices': None, 'pipeline_decoder_balance': None, 'pipeline_decoder_devices': None, 'pipeline_checkpoint': 'never', 'zero_sharding': 'none', 'fp16': True, 'memory_efficient_fp16': False, 'tpu': False, 'no_reshard_after_forward': False, 'fp32_reduce_scatter': False, 'cpu_offload': False, 'use_sharded_state': False, 'not_fsdp_flatten_parameters': False}, 'dataset': {'_name': None, 'num_workers': 1, 'skip_invalid_size_inputs_valid_test': False, 'max_tokens': 4000, 'batch_size': None, 'required_batch_size_multiple': 8, 'required_seq_len_multiple': 1, 'dataset_impl': None, 'data_buffer_size': 10, 'train_subset': 'train', 'valid_subset': 'valid', 'combine_valid_subsets': None, 'ignore_unused_valid_subsets': False, 'validate_interval': 1, 'validate_interval_updates': 0, 'validate_after_updates': 0, 'fixed_validation_seed': None, 'disable_validation': False, 'max_tokens_valid': 4000, 'batch_size_valid': None, 'max_valid_steps': None, 'curriculum': 0, 'gen_subset': 'test', 'num_shards': 1, 'shard_id': 0, 'grouped_shuffling': False, 'update_epoch_batch_itr': False, 'update_ordered_indices_seed': False}, 'optimization': {'_name': None, 'max_epoch': 30, 'max_update': 0, 'stop_time_hours': 0.0, 'clip_norm': 0.0, 'sentence_avg': False, 'update_freq': [1], 'lr': [0.0005], 'stop_min_lr': -1.0, 'use_bmuf': False, 'skip_remainder_batch': False, 'debug_param_names': False}, 'checkpoint': {'_name': None, 'save_dir': 'C:/Users/33491/PycharmProjects/machine/pdec_work/checkpoints/ted_pdec/1', 'restore_file': 'checkpoint_last.pt', 'continue_once': None, 'finetune_from_model': None, 'reset_dataloader': False, 'reset_lr_scheduler': False, 'reset_meters': False, 'reset_optimizer': False, 'optimizer_overrides': '{}', 'save_interval': 1, 'save_interval_updates': 0, 'keep_interval_updates': -1, 'keep_interval_updates_pattern': -1, 'keep_last_epochs': -1, 'keep_best_checkpoints': 5, 'no_save': False, 'no_epoch_checkpoints': True, 'no_last_checkpoints': False, 'no_save_optimizer_state': False, 'best_checkpoint_metric': 'loss', 'maximize_best_checkpoint_metric': False, 'patience': -1, 'checkpoint_suffix': '', 'checkpoint_shard_count': 1, 'load_checkpoint_on_all_dp_ranks': False, 'write_checkpoints_asynchronously': False, 'model_parallel_size': 1}, 'bmuf': {'_name': None, 'block_lr': 1.0, 'block_momentum': 0.875, 'global_sync_iter': 50, 'warmup_iterations': 500, 'use_nbm': False, 'average_sync': False, 'distributed_world_size': 1}, 'generation': {'_name': None, 'beam': 5, 'beam_mt': 0, 'nbest': 1, 'max_len_a': 0.0, 'max_len_b': 200, 'max_len_a_mt': 0.0, 'max_len_b_mt': 200, 'min_len': 1, 'match_source_len': False, 'unnormalized': False, 'no_early_stop': False, 'no_beamable_mm': False, 'lenpen': 1.0, 'lenpen_mt': 1.0, 'unkpen': 0.0, 'replace_unk': None, 'sacrebleu': False, 'score_reference': False, 'prefix_size': 0, 'no_repeat_ngram_size': 0, 'sampling': False, 'sampling_topk': -1, 'sampling_topp': -1.0, 'constraints': None, 'temperature': 1.0, 'diverse_beam_groups': -1, 'diverse_beam_strength': 0.5, 'diversity_rate': -1.0, 'print_alignment': None, 'print_step': False, 'lm_path': None, 'lm_weight': 0.0, 'iter_decode_eos_penalty': 0.0, 'iter_decode_max_iter': 10, 'iter_decode_force_max_iter': False, 'iter_decode_with_beam': 1, 'iter_decode_with_external_reranker': False, 'retain_iter_history': False, 'retain_dropout': False, 'retain_dropout_modules': None, 'decoding_format': None, 'no_seed_provided': False, 'eos_token': None}, 'eval_lm': {'_name': None, 'output_word_probs': False, 'output_word_stats': False, 'context_window': 0, 'softmax_batch': 9223372036854775807}, 'interactive': {'_name': None, 'buffer_size': 0, 'input': '-'}, 'model': Namespace(_name='transformer', activation_dropout=0.0, activation_fn='relu', adam_betas='(0.9,0.98)', adam_eps=1e-08, adaptive_input=False, adaptive_softmax_cutoff=None, adaptive_softmax_dropout=0, aim_repo=None, aim_run_hash=None, all_gather_list_size=16384, amp=False, amp_batch_retries=2, amp_init_scale=128, amp_scale_window=None, arch='transformer', attention_dropout=0.0, azureml_logging=False, batch_size=None, batch_size_valid=None, best_checkpoint_metric='loss', bf16=False, bpe=None, broadcast_buffers=False, bucket_cap_mb=25, checkpoint_activations=False, checkpoint_shard_count=1, checkpoint_suffix='', clip_norm=0.0, combine_valid_subsets=None, continue_once=None, cpu=False, cpu_offload=False, criterion='label_smoothed_cross_entropy', cross_self_attention=False, curriculum=0, data='C:/Users/33491/PycharmProjects/machine/fairseq/models/ZeroTrans/europarl_scripts/build_data/europarl_15-bin', data_buffer_size=10, dataset_impl=None, ddp_backend='no_c10d', ddp_comm_hook='none', debug_param_names=False, decoder_attention_heads=8, decoder_embed_dim=512, decoder_embed_path=None, decoder_ffn_embed_dim=2048, decoder_input_dim=512, decoder_langtok=False, decoder_layerdrop=0, decoder_layers=6, decoder_layers_to_keep=None, decoder_learned_pos=False, decoder_normalize_before=False, decoder_output_dim=512, device_id=0, disable_validation=False, distributed_backend='nccl', distributed_init_method=None, distributed_no_spawn=False, distributed_num_procs=1, distributed_port=-1, distributed_rank=0, distributed_world_size=1, dropout=0.1, ema_decay=0.9999, ema_fp32=False, ema_seed_model=None, ema_start_update=0, ema_update_freq=1, empty_cache_freq=0, enable_lang_ids=False, enable_reservsed_directions_shared_datasets=False, encoder_attention_heads=8, encoder_embed_dim=512, encoder_embed_path=None, encoder_ffn_embed_dim=2048, encoder_langtok='tgt', encoder_layerdrop=0, encoder_layers=6, encoder_layers_to_keep=None, encoder_learned_pos=False, encoder_normalize_before=False, eos=2, extra_data=None, extra_lang_pairs=None, fast_stat_sync=False, find_unused_parameters=False, finetune_from_model=None, fix_batches_to_gpus=False, fixed_dictionary=None, fixed_validation_seed=None, fp16=True, fp16_adam_stats=False, fp16_init_scale=128, fp16_no_flatten_grads=False, fp16_scale_tolerance=0.0, fp16_scale_window=None, fp32_reduce_scatter=False, gen_subset='test', gradient_as_bucket_view=False, grouped_shuffling=False, heartbeat_timeout=-1, ignore_prefix_size=0, ignore_unused_valid_subsets=False, keep_best_checkpoints=5, keep_inference_langtok=False, keep_interval_updates=-1, keep_interval_updates_pattern=-1, keep_last_epochs=-1, label_smoothing=0.1, lang_dict=None, lang_pairs='en-de,de-en,en-es,es-en,en-it,it-en,en-nl,nl-en,en-pl,pl-en,en-ro,ro-en,en-cs,cs-en,en-sl,sl-en,en-bg,bg-en,en-da,da-en,en-et,et-en,en-fi,fi-en,en-hu,hu-en,en-pt,pt-en', lang_tok_replacing_bos_eos=False, lang_tok_style='multilingual', langs=['en', 'de', 'es', 'it', 'nl', 'pl', 'ro', 'cs', 'sl', 'bg', 'da', 'et', 'fi', 'hu', 'pt'], langtoks=None, langtoks_specs=['main'], layernorm_embedding=False, left_pad_source='True', left_pad_target='False', load_alignments=False, load_checkpoint_on_all_dp_ranks=False, localsgd_frequency=3, log_file=None, log_format='simple', log_interval=1000, lr=[0.0005], lr_scheduler='inverse_sqrt', max_epoch=30, max_tokens=4000, max_tokens_valid=4000, max_update=0, max_valid_steps=None, maximize_best_checkpoint_metric=False, memory_efficient_bf16=False, memory_efficient_fp16=False, merge_src_tgt_embed=False, min_loss_scale=0.0001, model_parallel_size=1, no_cross_attention=False, no_epoch_checkpoints=True, no_last_checkpoints=False, no_progress_bar=True, no_reshard_after_forward=False, no_save=False, no_save_optimizer_state=False, no_scale_embedding=False, no_seed_provided=False, no_token_positional_embeddings=False, not_fsdp_flatten_parameters=False, nprocs_per_node=1, num_shards=1, num_workers=1, offload_activations=False, on_cpu_convert_precision=False, optimizer='adam', optimizer_overrides='{}', pad=1, patience=-1, pipeline_balance=None, pipeline_checkpoint='never', pipeline_chunks=0, pipeline_decoder_balance=None, pipeline_decoder_devices=None, pipeline_devices=None, pipeline_encoder_balance=None, pipeline_encoder_devices=None, pipeline_model_parallel=False, plasma_path='/tmp/plasma', profile=False, quant_noise_pq=0, quant_noise_pq_block_size=8, quant_noise_scalar=0, quantization_config_path=None, report_accuracy=False, required_batch_size_multiple=8, required_seq_len_multiple=1, reset_dataloader=False, reset_logging=False, reset_lr_scheduler=False, reset_meters=False, reset_optimizer=False, restore_file='checkpoint_last.pt', sampling_method='temperature', sampling_temperature=5.0, sampling_weights=None, sampling_weights_from_file=None, save_dir='C:/Users/33491/PycharmProjects/machine/pdec_work/checkpoints/ted_pdec/1', save_interval=1, save_interval_updates=0, scoring='bleu', seed=0, sentence_avg=False, shard_id=0, share_all_embeddings=True, share_decoder_input_output_embed=False, simul_type=None, skip_invalid_size_inputs_valid_test=False, skip_remainder_batch=False, slowmo_base_algorithm='localsgd', slowmo_momentum=None, source_dict=None, source_lang=None, stop_min_lr=-1.0, stop_time_hours=0, store_ema=False, suppress_crashes=False, target_dict=None, target_lang=None, task='translation_multi_simple_epoch', tensorboard_logdir=None, threshold_loss_scale=None, tie_adaptive_weights=False, tokenizer=None, tpu=False, train_subset='train', truncate_source=False, unk=3, update_epoch_batch_itr=False, update_freq=[1], update_ordered_indices_seed=False, upsample_primary=1, use_bmuf=False, use_old_adam=False, use_plasma_view=False, use_sharded_state=False, user_dir='C:/Users/33491/PycharmProjects/machine/pdec_work/models/PhasedDecoder', valid_subset='valid', validate_after_updates=0, validate_interval=1, validate_interval_updates=0, virtual_data_size=None, virtual_epoch_size=None, wandb_project=None, warmup_init_lr=-1, warmup_updates=4000, weight_decay=0.0001, write_checkpoints_asynchronously=False, zero_sharding='none'), 'task': Namespace(_name='translation_multi_simple_epoch', activation_dropout=0.0, activation_fn='relu', adam_betas='(0.9,0.98)', adam_eps=1e-08, adaptive_input=False, adaptive_softmax_cutoff=None, adaptive_softmax_dropout=0, aim_repo=None, aim_run_hash=None, all_gather_list_size=16384, amp=False, amp_batch_retries=2, amp_init_scale=128, amp_scale_window=None, arch='transformer', attention_dropout=0.0, azureml_logging=False, batch_size=None, batch_size_valid=None, best_checkpoint_metric='loss', bf16=False, bpe=None, broadcast_buffers=False, bucket_cap_mb=25, checkpoint_activations=False, checkpoint_shard_count=1, checkpoint_suffix='', clip_norm=0.0, combine_valid_subsets=None, continue_once=None, cpu=False, cpu_offload=False, criterion='label_smoothed_cross_entropy', cross_self_attention=False, curriculum=0, data='C:/Users/33491/PycharmProjects/machine/fairseq/models/ZeroTrans/europarl_scripts/build_data/europarl_15-bin', data_buffer_size=10, dataset_impl=None, ddp_backend='no_c10d', ddp_comm_hook='none', debug_param_names=False, decoder_attention_heads=8, decoder_embed_dim=512, decoder_embed_path=None, decoder_ffn_embed_dim=2048, decoder_input_dim=512, decoder_langtok=False, decoder_layerdrop=0, decoder_layers=6, decoder_layers_to_keep=None, decoder_learned_pos=False, decoder_normalize_before=False, decoder_output_dim=512, device_id=0, disable_validation=False, distributed_backend='nccl', distributed_init_method=None, distributed_no_spawn=False, distributed_num_procs=1, distributed_port=-1, distributed_rank=0, distributed_world_size=1, dropout=0.1, ema_decay=0.9999, ema_fp32=False, ema_seed_model=None, ema_start_update=0, ema_update_freq=1, empty_cache_freq=0, enable_lang_ids=False, enable_reservsed_directions_shared_datasets=False, encoder_attention_heads=8, encoder_embed_dim=512, encoder_embed_path=None, encoder_ffn_embed_dim=2048, encoder_langtok='tgt', encoder_layerdrop=0, encoder_layers=6, encoder_layers_to_keep=None, encoder_learned_pos=False, encoder_normalize_before=False, eos=2, extra_data=None, extra_lang_pairs=None, fast_stat_sync=False, find_unused_parameters=False, finetune_from_model=None, fix_batches_to_gpus=False, fixed_dictionary=None, fixed_validation_seed=None, fp16=True, fp16_adam_stats=False, fp16_init_scale=128, fp16_no_flatten_grads=False, fp16_scale_tolerance=0.0, fp16_scale_window=None, fp32_reduce_scatter=False, gen_subset='test', gradient_as_bucket_view=False, grouped_shuffling=False, heartbeat_timeout=-1, ignore_prefix_size=0, ignore_unused_valid_subsets=False, keep_best_checkpoints=5, keep_inference_langtok=False, keep_interval_updates=-1, keep_interval_updates_pattern=-1, keep_last_epochs=-1, label_smoothing=0.1, lang_dict=None, lang_pairs='en-de,de-en,en-es,es-en,en-it,it-en,en-nl,nl-en,en-pl,pl-en,en-ro,ro-en,en-cs,cs-en,en-sl,sl-en,en-bg,bg-en,en-da,da-en,en-et,et-en,en-fi,fi-en,en-hu,hu-en,en-pt,pt-en', lang_tok_replacing_bos_eos=False, lang_tok_style='multilingual', langs=['en', 'de', 'es', 'it', 'nl', 'pl', 'ro', 'cs', 'sl', 'bg', 'da', 'et', 'fi', 'hu', 'pt'], langtoks=None, langtoks_specs=['main'], layernorm_embedding=False, left_pad_source='True', left_pad_target='False', load_alignments=False, load_checkpoint_on_all_dp_ranks=False, localsgd_frequency=3, log_file=None, log_format='simple', log_interval=1000, lr=[0.0005], lr_scheduler='inverse_sqrt', max_epoch=30, max_source_positions=1024, max_target_positions=1024, max_tokens=4000, max_tokens_valid=4000, max_update=0, max_valid_steps=None, maximize_best_checkpoint_metric=False, memory_efficient_bf16=False, memory_efficient_fp16=False, merge_src_tgt_embed=False, min_loss_scale=0.0001, model_parallel_size=1, no_cross_attention=False, no_epoch_checkpoints=True, no_last_checkpoints=False, no_progress_bar=True, no_reshard_after_forward=False, no_save=False, no_save_optimizer_state=False, no_scale_embedding=False, no_seed_provided=False, no_token_positional_embeddings=False, not_fsdp_flatten_parameters=False, nprocs_per_node=1, num_shards=1, num_workers=1, offload_activations=False, on_cpu_convert_precision=False, optimizer='adam', optimizer_overrides='{}', pad=1, patience=-1, pipeline_balance=None, pipeline_checkpoint='never', pipeline_chunks=0, pipeline_decoder_balance=None, pipeline_decoder_devices=None, pipeline_devices=None, pipeline_encoder_balance=None, pipeline_encoder_devices=None, pipeline_model_parallel=False, plasma_path='/tmp/plasma', profile=False, quant_noise_pq=0, quant_noise_pq_block_size=8, quant_noise_scalar=0, quantization_config_path=None, report_accuracy=False, required_batch_size_multiple=8, required_seq_len_multiple=1, reset_dataloader=False, reset_logging=False, reset_lr_scheduler=False, reset_meters=False, reset_optimizer=False, restore_file='checkpoint_last.pt', sampling_method='temperature', sampling_temperature=5.0, sampling_weights=None, sampling_weights_from_file=None, save_dir='C:/Users/33491/PycharmProjects/machine/pdec_work/checkpoints/ted_pdec/1', save_interval=1, save_interval_updates=0, scoring='bleu', seed=0, sentence_avg=False, shard_id=0, share_all_embeddings=True, share_decoder_input_output_embed=False, simul_type=None, skip_invalid_size_inputs_valid_test=False, skip_remainder_batch=False, slowmo_base_algorithm='localsgd', slowmo_momentum=None, source_dict=None, source_lang=None, stop_min_lr=-1.0, stop_time_hours=0, store_ema=False, suppress_crashes=False, target_dict=None, target_lang=None, task='translation_multi_simple_epoch', tensorboard_logdir=None, threshold_loss_scale=None, tie_adaptive_weights=False, tokenizer=None, tpu=False, train_subset='train', truncate_source=False, unk=3, update_epoch_batch_itr=False, update_freq=[1], update_ordered_indices_seed=False, upsample_primary=1, use_bmuf=False, use_old_adam=False, use_plasma_view=False, use_sharded_state=False, user_dir='C:/Users/33491/PycharmProjects/machine/pdec_work/models/PhasedDecoder', valid_subset='valid', validate_after_updates=0, validate_interval=1, validate_interval_updates=0, virtual_data_size=None, virtual_epoch_size=None, wandb_project=None, warmup_init_lr=-1, warmup_updates=4000, weight_decay=0.0001, write_checkpoints_asynchronously=False, zero_sharding='none'), 'criterion': {'_name': 'label_smoothed_cross_entropy', 'label_smoothing': 0.1, 'report_accuracy': False, 'ignore_prefix_size': 0, 'sentence_avg': False}, 'optimizer': {'_name': 'adam', 'adam_betas': '(0.9,0.98)', 'adam_eps': 1e-08, 'weight_decay': 0.0001, 'use_old_adam': False, 'fp16_adam_stats': False, 'tpu': False, 'lr': [0.0005]}, 'lr_scheduler': {'_name': 'inverse_sqrt', 'warmup_updates': 4000, 'warmup_init_lr': -1.0, 'lr': [0.0005]}, 'scoring': {'_name': 'bleu', 'pad': 1, 'eos': 2, 'unk': 3}, 'bpe': None, 'tokenizer': None, 'ema': {'_name': None, 'store_ema': False, 'ema_decay': 0.9999, 'ema_start_update': 0, 'ema_seed_model': None, 'ema_update_freq': 1, 'ema_fp32': False}, 'simul_type': None}
2025-06-06 14:32:21 | INFO | fairseq.data.multilingual.multilingual_data_manager | parsed the language list as they are ordered in the option: ['en', 'de', 'es', 'it', 'nl', 'pl', 'ro', 'cs', 'sl', 'bg', 'da', 'et', 'fi', 'hu', 'pt']
2025-06-06 14:32:21 | INFO | fairseq.data.multilingual.multilingual_data_manager | [sl] dictionary: 50016 types
2025-06-06 14:32:22 | INFO | fairseq.data.multilingual.multilingual_data_manager | [sl] dictionary: 50016 types
2025-06-06 14:32:23 | INFO | fairseq_cli.train | TransformerModel(
  (encoder): TransformerEncoderBase(
    (dropout_module): FairseqDropout()
    (embed_tokens): Embedding(50016, 512, padding_idx=1)
    (embed_positions): SinusoidalPositionalEmbedding()
    (layers): ModuleList(
      (0-5): 6 x TransformerEncoderLayerBase(
        (self_attn): MultiheadAttention(
          (dropout_module): FairseqDropout()
          (k_proj): Linear(in_features=512, out_features=512, bias=True)
          (v_proj): Linear(in_features=512, out_features=512, bias=True)
          (q_proj): Linear(in_features=512, out_features=512, bias=True)
          (out_proj): Linear(in_features=512, out_features=512, bias=True)
        )
        (self_attn_layer_norm): LayerNorm((512,), eps=1e-05, elementwise_affine=True)
        (dropout_module): FairseqDropout()
        (activation_dropout_module): FairseqDropout()
        (fc1): Linear(in_features=512, out_features=2048, bias=True)
        (fc2): Linear(in_features=2048, out_features=512, bias=True)
        (final_layer_norm): LayerNorm((512,), eps=1e-05, elementwise_affine=True)
      )
    )
  )
  (decoder): TransformerDecoderBase(
    (dropout_module): FairseqDropout()
    (embed_tokens): Embedding(50016, 512, padding_idx=1)
    (embed_positions): SinusoidalPositionalEmbedding()
    (layers): ModuleList(
      (0-5): 6 x TransformerDecoderLayerBase(
        (dropout_module): FairseqDropout()
        (self_attn): MultiheadAttention(
          (dropout_module): FairseqDropout()
          (k_proj): Linear(in_features=512, out_features=512, bias=True)
          (v_proj): Linear(in_features=512, out_features=512, bias=True)
          (q_proj): Linear(in_features=512, out_features=512, bias=True)
          (out_proj): Linear(in_features=512, out_features=512, bias=True)
        )
        (activation_dropout_module): FairseqDropout()
        (self_attn_layer_norm): LayerNorm((512,), eps=1e-05, elementwise_affine=True)
        (encoder_attn): MultiheadAttention(
          (dropout_module): FairseqDropout()
          (k_proj): Linear(in_features=512, out_features=512, bias=True)
          (v_proj): Linear(in_features=512, out_features=512, bias=True)
          (q_proj): Linear(in_features=512, out_features=512, bias=True)
          (out_proj): Linear(in_features=512, out_features=512, bias=True)
        )
        (encoder_attn_layer_norm): LayerNorm((512,), eps=1e-05, elementwise_affine=True)
        (fc1): Linear(in_features=512, out_features=2048, bias=True)
        (fc2): Linear(in_features=2048, out_features=512, bias=True)
        (final_layer_norm): LayerNorm((512,), eps=1e-05, elementwise_affine=True)
      )
    )
    (output_projection): Linear(in_features=512, out_features=50016, bias=False)
  )
)
2025-06-06 14:32:23 | INFO | fairseq_cli.train | task: TranslationMultiSimpleEpochTask
2025-06-06 14:32:23 | INFO | fairseq_cli.train | model: TransformerModel
2025-06-06 14:32:23 | INFO | fairseq_cli.train | criterion: LabelSmoothedCrossEntropyCriterion
2025-06-06 14:32:23 | INFO | fairseq_cli.train | num. shared model params: 69,746,688 (num. trained: 69,746,688)
2025-06-06 14:32:23 | INFO | fairseq_cli.train | num. expert model params: 0 (num. trained: 0)
2025-06-06 14:32:23 | INFO | fairseq.tasks.translation_multi_simple_epoch | loading data for valid epoch=1/None
2025-06-06 14:32:23 | INFO | fairseq.tasks.translation_multi_simple_epoch | mem usage: used=9409.81640625Mb; avail=6146.734375Mb
2025-06-06 14:32:23 | INFO | fairseq.data.multilingual.multilingual_data_manager | langtoks settings: {'main': ('tgt', None)}
2025-06-06 14:32:23 | INFO | fairseq.data.multilingual.multilingual_data_manager | [valid] num of shards: {'main:en-de': 1, 'main:de-en': 1, 'main:en-es': 1, 'main:es-en': 1, 'main:en-it': 1, 'main:it-en': 1, 'main:en-nl': 1, 'main:nl-en': 1, 'main:en-pl': 1, 'main:pl-en': 1, 'main:en-ro': 1, 'main:ro-en': 1, 'main:en-cs': 1, 'main:cs-en': 1, 'main:en-sl': 1, 'main:sl-en': 1, 'main:en-bg': 1, 'main:bg-en': 1, 'main:en-da': 1, 'main:da-en': 1, 'main:en-et': 1, 'main:et-en': 1, 'main:en-fi': 1, 'main:fi-en': 1, 'main:en-hu': 1, 'main:hu-en': 1, 'main:en-pt': 1, 'main:pt-en': 1}
2025-06-06 14:32:23 | INFO | fairseq.data.multilingual.multilingual_data_manager | main:en-de src_langtok: 50002; tgt_langtok: None
2025-06-06 14:32:23 | INFO | fairseq.data.data_utils | loaded 2,000 examples from: C:/Users/33491/PycharmProjects/machine/fairseq/models/ZeroTrans/europarl_scripts/build_data/europarl_15-bin\valid.en-de.en
2025-06-06 14:32:23 | INFO | fairseq.data.data_utils | loaded 2,000 examples from: C:/Users/33491/PycharmProjects/machine/fairseq/models/ZeroTrans/europarl_scripts/build_data/europarl_15-bin\valid.en-de.de
2025-06-06 14:32:23 | INFO | fairseq.data.multilingual.multilingual_data_manager | C:/Users/33491/PycharmProjects/machine/fairseq/models/ZeroTrans/europarl_scripts/build_data/europarl_15-bin valid en-de 2000 examples
2025-06-06 14:32:23 | INFO | fairseq.data.multilingual.multilingual_data_manager | main:de-en src_langtok: 50001; tgt_langtok: None
2025-06-06 14:32:23 | INFO | fairseq.data.data_utils | loaded 2,000 examples from: C:/Users/33491/PycharmProjects/machine/fairseq/models/ZeroTrans/europarl_scripts/build_data/europarl_15-bin\valid.de-en.de
2025-06-06 14:32:23 | INFO | fairseq.data.data_utils | loaded 2,000 examples from: C:/Users/33491/PycharmProjects/machine/fairseq/models/ZeroTrans/europarl_scripts/build_data/europarl_15-bin\valid.de-en.en
2025-06-06 14:32:23 | INFO | fairseq.data.multilingual.multilingual_data_manager | C:/Users/33491/PycharmProjects/machine/fairseq/models/ZeroTrans/europarl_scripts/build_data/europarl_15-bin valid de-en 2000 examples
2025-06-06 14:32:23 | INFO | fairseq.data.multilingual.multilingual_data_manager | main:en-es src_langtok: 50003; tgt_langtok: None
2025-06-06 14:32:23 | INFO | fairseq.data.data_utils | loaded 2,000 examples from: C:/Users/33491/PycharmProjects/machine/fairseq/models/ZeroTrans/europarl_scripts/build_data/europarl_15-bin\valid.en-es.en
2025-06-06 14:32:23 | INFO | fairseq.data.data_utils | loaded 2,000 examples from: C:/Users/33491/PycharmProjects/machine/fairseq/models/ZeroTrans/europarl_scripts/build_data/europarl_15-bin\valid.en-es.es
2025-06-06 14:32:23 | INFO | fairseq.data.multilingual.multilingual_data_manager | C:/Users/33491/PycharmProjects/machine/fairseq/models/ZeroTrans/europarl_scripts/build_data/europarl_15-bin valid en-es 2000 examples
2025-06-06 14:32:23 | INFO | fairseq.data.multilingual.multilingual_data_manager | main:es-en src_langtok: 50001; tgt_langtok: None
2025-06-06 14:32:23 | INFO | fairseq.data.data_utils | loaded 2,000 examples from: C:/Users/33491/PycharmProjects/machine/fairseq/models/ZeroTrans/europarl_scripts/build_data/europarl_15-bin\valid.es-en.es
2025-06-06 14:32:23 | INFO | fairseq.data.data_utils | loaded 2,000 examples from: C:/Users/33491/PycharmProjects/machine/fairseq/models/ZeroTrans/europarl_scripts/build_data/europarl_15-bin\valid.es-en.en
2025-06-06 14:32:23 | INFO | fairseq.data.multilingual.multilingual_data_manager | C:/Users/33491/PycharmProjects/machine/fairseq/models/ZeroTrans/europarl_scripts/build_data/europarl_15-bin valid es-en 2000 examples
2025-06-06 14:32:23 | INFO | fairseq.data.multilingual.multilingual_data_manager | main:en-it src_langtok: 50004; tgt_langtok: None
2025-06-06 14:32:23 | INFO | fairseq.data.data_utils | loaded 2,000 examples from: C:/Users/33491/PycharmProjects/machine/fairseq/models/ZeroTrans/europarl_scripts/build_data/europarl_15-bin\valid.en-it.en
2025-06-06 14:32:23 | INFO | fairseq.data.data_utils | loaded 2,000 examples from: C:/Users/33491/PycharmProjects/machine/fairseq/models/ZeroTrans/europarl_scripts/build_data/europarl_15-bin\valid.en-it.it
2025-06-06 14:32:23 | INFO | fairseq.data.multilingual.multilingual_data_manager | C:/Users/33491/PycharmProjects/machine/fairseq/models/ZeroTrans/europarl_scripts/build_data/europarl_15-bin valid en-it 2000 examples
2025-06-06 14:32:23 | INFO | fairseq.data.multilingual.multilingual_data_manager | main:it-en src_langtok: 50001; tgt_langtok: None
2025-06-06 14:32:23 | INFO | fairseq.data.data_utils | loaded 2,000 examples from: C:/Users/33491/PycharmProjects/machine/fairseq/models/ZeroTrans/europarl_scripts/build_data/europarl_15-bin\valid.it-en.it
2025-06-06 14:32:23 | INFO | fairseq.data.data_utils | loaded 2,000 examples from: C:/Users/33491/PycharmProjects/machine/fairseq/models/ZeroTrans/europarl_scripts/build_data/europarl_15-bin\valid.it-en.en
2025-06-06 14:32:23 | INFO | fairseq.data.multilingual.multilingual_data_manager | C:/Users/33491/PycharmProjects/machine/fairseq/models/ZeroTrans/europarl_scripts/build_data/europarl_15-bin valid it-en 2000 examples
2025-06-06 14:32:23 | INFO | fairseq.data.multilingual.multilingual_data_manager | main:en-nl src_langtok: 50005; tgt_langtok: None
2025-06-06 14:32:23 | INFO | fairseq.data.data_utils | loaded 2,000 examples from: C:/Users/33491/PycharmProjects/machine/fairseq/models/ZeroTrans/europarl_scripts/build_data/europarl_15-bin\valid.en-nl.en
2025-06-06 14:32:23 | INFO | fairseq.data.data_utils | loaded 2,000 examples from: C:/Users/33491/PycharmProjects/machine/fairseq/models/ZeroTrans/europarl_scripts/build_data/europarl_15-bin\valid.en-nl.nl
2025-06-06 14:32:23 | INFO | fairseq.data.multilingual.multilingual_data_manager | C:/Users/33491/PycharmProjects/machine/fairseq/models/ZeroTrans/europarl_scripts/build_data/europarl_15-bin valid en-nl 2000 examples
2025-06-06 14:32:23 | INFO | fairseq.data.multilingual.multilingual_data_manager | main:nl-en src_langtok: 50001; tgt_langtok: None
2025-06-06 14:32:23 | INFO | fairseq.data.data_utils | loaded 2,000 examples from: C:/Users/33491/PycharmProjects/machine/fairseq/models/ZeroTrans/europarl_scripts/build_data/europarl_15-bin\valid.nl-en.nl
2025-06-06 14:32:24 | INFO | fairseq.data.data_utils | loaded 2,000 examples from: C:/Users/33491/PycharmProjects/machine/fairseq/models/ZeroTrans/europarl_scripts/build_data/europarl_15-bin\valid.nl-en.en
2025-06-06 14:32:24 | INFO | fairseq.data.multilingual.multilingual_data_manager | C:/Users/33491/PycharmProjects/machine/fairseq/models/ZeroTrans/europarl_scripts/build_data/europarl_15-bin valid nl-en 2000 examples
2025-06-06 14:32:24 | INFO | fairseq.data.multilingual.multilingual_data_manager | main:en-pl src_langtok: 50006; tgt_langtok: None
2025-06-06 14:32:24 | INFO | fairseq.data.data_utils | loaded 2,000 examples from: C:/Users/33491/PycharmProjects/machine/fairseq/models/ZeroTrans/europarl_scripts/build_data/europarl_15-bin\valid.en-pl.en
2025-06-06 14:32:24 | INFO | fairseq.data.data_utils | loaded 2,000 examples from: C:/Users/33491/PycharmProjects/machine/fairseq/models/ZeroTrans/europarl_scripts/build_data/europarl_15-bin\valid.en-pl.pl
2025-06-06 14:32:24 | INFO | fairseq.data.multilingual.multilingual_data_manager | C:/Users/33491/PycharmProjects/machine/fairseq/models/ZeroTrans/europarl_scripts/build_data/europarl_15-bin valid en-pl 2000 examples
2025-06-06 14:32:24 | INFO | fairseq.data.multilingual.multilingual_data_manager | main:pl-en src_langtok: 50001; tgt_langtok: None
2025-06-06 14:32:24 | INFO | fairseq.data.data_utils | loaded 2,000 examples from: C:/Users/33491/PycharmProjects/machine/fairseq/models/ZeroTrans/europarl_scripts/build_data/europarl_15-bin\valid.pl-en.pl
2025-06-06 14:32:24 | INFO | fairseq.data.data_utils | loaded 2,000 examples from: C:/Users/33491/PycharmProjects/machine/fairseq/models/ZeroTrans/europarl_scripts/build_data/europarl_15-bin\valid.pl-en.en
2025-06-06 14:32:24 | INFO | fairseq.data.multilingual.multilingual_data_manager | C:/Users/33491/PycharmProjects/machine/fairseq/models/ZeroTrans/europarl_scripts/build_data/europarl_15-bin valid pl-en 2000 examples
2025-06-06 14:32:24 | INFO | fairseq.data.multilingual.multilingual_data_manager | main:en-ro src_langtok: 50007; tgt_langtok: None
2025-06-06 14:32:24 | INFO | fairseq.data.data_utils | loaded 2,000 examples from: C:/Users/33491/PycharmProjects/machine/fairseq/models/ZeroTrans/europarl_scripts/build_data/europarl_15-bin\valid.en-ro.en
2025-06-06 14:32:24 | INFO | fairseq.data.data_utils | loaded 2,000 examples from: C:/Users/33491/PycharmProjects/machine/fairseq/models/ZeroTrans/europarl_scripts/build_data/europarl_15-bin\valid.en-ro.ro
2025-06-06 14:32:24 | INFO | fairseq.data.multilingual.multilingual_data_manager | C:/Users/33491/PycharmProjects/machine/fairseq/models/ZeroTrans/europarl_scripts/build_data/europarl_15-bin valid en-ro 2000 examples
2025-06-06 14:32:24 | INFO | fairseq.data.multilingual.multilingual_data_manager | main:ro-en src_langtok: 50001; tgt_langtok: None
2025-06-06 14:32:24 | INFO | fairseq.data.data_utils | loaded 2,000 examples from: C:/Users/33491/PycharmProjects/machine/fairseq/models/ZeroTrans/europarl_scripts/build_data/europarl_15-bin\valid.ro-en.ro
2025-06-06 14:32:24 | INFO | fairseq.data.data_utils | loaded 2,000 examples from: C:/Users/33491/PycharmProjects/machine/fairseq/models/ZeroTrans/europarl_scripts/build_data/europarl_15-bin\valid.ro-en.en
2025-06-06 14:32:24 | INFO | fairseq.data.multilingual.multilingual_data_manager | C:/Users/33491/PycharmProjects/machine/fairseq/models/ZeroTrans/europarl_scripts/build_data/europarl_15-bin valid ro-en 2000 examples
2025-06-06 14:32:24 | INFO | fairseq.data.multilingual.multilingual_data_manager | main:en-cs src_langtok: 50008; tgt_langtok: None
2025-06-06 14:32:24 | INFO | fairseq.data.data_utils | loaded 2,000 examples from: C:/Users/33491/PycharmProjects/machine/fairseq/models/ZeroTrans/europarl_scripts/build_data/europarl_15-bin\valid.en-cs.en
2025-06-06 14:32:24 | INFO | fairseq.data.data_utils | loaded 2,000 examples from: C:/Users/33491/PycharmProjects/machine/fairseq/models/ZeroTrans/europarl_scripts/build_data/europarl_15-bin\valid.en-cs.cs
2025-06-06 14:32:24 | INFO | fairseq.data.multilingual.multilingual_data_manager | C:/Users/33491/PycharmProjects/machine/fairseq/models/ZeroTrans/europarl_scripts/build_data/europarl_15-bin valid en-cs 2000 examples
2025-06-06 14:32:24 | INFO | fairseq.data.multilingual.multilingual_data_manager | main:cs-en src_langtok: 50001; tgt_langtok: None
2025-06-06 14:32:24 | INFO | fairseq.data.data_utils | loaded 2,000 examples from: C:/Users/33491/PycharmProjects/machine/fairseq/models/ZeroTrans/europarl_scripts/build_data/europarl_15-bin\valid.cs-en.cs
2025-06-06 14:32:24 | INFO | fairseq.data.data_utils | loaded 2,000 examples from: C:/Users/33491/PycharmProjects/machine/fairseq/models/ZeroTrans/europarl_scripts/build_data/europarl_15-bin\valid.cs-en.en
2025-06-06 14:32:24 | INFO | fairseq.data.multilingual.multilingual_data_manager | C:/Users/33491/PycharmProjects/machine/fairseq/models/ZeroTrans/europarl_scripts/build_data/europarl_15-bin valid cs-en 2000 examples
2025-06-06 14:32:24 | INFO | fairseq.data.multilingual.multilingual_data_manager | main:en-sl src_langtok: 50009; tgt_langtok: None
2025-06-06 14:32:24 | INFO | fairseq.data.data_utils | loaded 2,000 examples from: C:/Users/33491/PycharmProjects/machine/fairseq/models/ZeroTrans/europarl_scripts/build_data/europarl_15-bin\valid.en-sl.en
2025-06-06 14:32:24 | INFO | fairseq.data.data_utils | loaded 2,000 examples from: C:/Users/33491/PycharmProjects/machine/fairseq/models/ZeroTrans/europarl_scripts/build_data/europarl_15-bin\valid.en-sl.sl
2025-06-06 14:32:24 | INFO | fairseq.data.multilingual.multilingual_data_manager | C:/Users/33491/PycharmProjects/machine/fairseq/models/ZeroTrans/europarl_scripts/build_data/europarl_15-bin valid en-sl 2000 examples
2025-06-06 14:32:24 | INFO | fairseq.data.multilingual.multilingual_data_manager | main:sl-en src_langtok: 50001; tgt_langtok: None
2025-06-06 14:32:24 | INFO | fairseq.data.data_utils | loaded 2,000 examples from: C:/Users/33491/PycharmProjects/machine/fairseq/models/ZeroTrans/europarl_scripts/build_data/europarl_15-bin\valid.sl-en.sl
2025-06-06 14:32:24 | INFO | fairseq.data.data_utils | loaded 2,000 examples from: C:/Users/33491/PycharmProjects/machine/fairseq/models/ZeroTrans/europarl_scripts/build_data/europarl_15-bin\valid.sl-en.en
2025-06-06 14:32:24 | INFO | fairseq.data.multilingual.multilingual_data_manager | C:/Users/33491/PycharmProjects/machine/fairseq/models/ZeroTrans/europarl_scripts/build_data/europarl_15-bin valid sl-en 2000 examples
2025-06-06 14:32:24 | INFO | fairseq.data.multilingual.multilingual_data_manager | main:en-bg src_langtok: 50010; tgt_langtok: None
2025-06-06 14:32:24 | INFO | fairseq.data.data_utils | loaded 2,000 examples from: C:/Users/33491/PycharmProjects/machine/fairseq/models/ZeroTrans/europarl_scripts/build_data/europarl_15-bin\valid.en-bg.en
2025-06-06 14:32:24 | INFO | fairseq.data.data_utils | loaded 2,000 examples from: C:/Users/33491/PycharmProjects/machine/fairseq/models/ZeroTrans/europarl_scripts/build_data/europarl_15-bin\valid.en-bg.bg
2025-06-06 14:32:24 | INFO | fairseq.data.multilingual.multilingual_data_manager | C:/Users/33491/PycharmProjects/machine/fairseq/models/ZeroTrans/europarl_scripts/build_data/europarl_15-bin valid en-bg 2000 examples
2025-06-06 14:32:24 | INFO | fairseq.data.multilingual.multilingual_data_manager | main:bg-en src_langtok: 50001; tgt_langtok: None
2025-06-06 14:32:24 | INFO | fairseq.data.data_utils | loaded 2,000 examples from: C:/Users/33491/PycharmProjects/machine/fairseq/models/ZeroTrans/europarl_scripts/build_data/europarl_15-bin\valid.bg-en.bg
2025-06-06 14:32:24 | INFO | fairseq.data.data_utils | loaded 2,000 examples from: C:/Users/33491/PycharmProjects/machine/fairseq/models/ZeroTrans/europarl_scripts/build_data/europarl_15-bin\valid.bg-en.en
2025-06-06 14:32:24 | INFO | fairseq.data.multilingual.multilingual_data_manager | C:/Users/33491/PycharmProjects/machine/fairseq/models/ZeroTrans/europarl_scripts/build_data/europarl_15-bin valid bg-en 2000 examples
2025-06-06 14:32:24 | INFO | fairseq.data.multilingual.multilingual_data_manager | main:en-da src_langtok: 50011; tgt_langtok: None
2025-06-06 14:32:24 | INFO | fairseq.data.data_utils | loaded 2,000 examples from: C:/Users/33491/PycharmProjects/machine/fairseq/models/ZeroTrans/europarl_scripts/build_data/europarl_15-bin\valid.en-da.en
2025-06-06 14:32:25 | INFO | fairseq.data.data_utils | loaded 2,000 examples from: C:/Users/33491/PycharmProjects/machine/fairseq/models/ZeroTrans/europarl_scripts/build_data/europarl_15-bin\valid.en-da.da
2025-06-06 14:32:25 | INFO | fairseq.data.multilingual.multilingual_data_manager | C:/Users/33491/PycharmProjects/machine/fairseq/models/ZeroTrans/europarl_scripts/build_data/europarl_15-bin valid en-da 2000 examples
2025-06-06 14:32:25 | INFO | fairseq.data.multilingual.multilingual_data_manager | main:da-en src_langtok: 50001; tgt_langtok: None
2025-06-06 14:32:25 | INFO | fairseq.data.data_utils | loaded 2,000 examples from: C:/Users/33491/PycharmProjects/machine/fairseq/models/ZeroTrans/europarl_scripts/build_data/europarl_15-bin\valid.da-en.da
2025-06-06 14:32:25 | INFO | fairseq.data.data_utils | loaded 2,000 examples from: C:/Users/33491/PycharmProjects/machine/fairseq/models/ZeroTrans/europarl_scripts/build_data/europarl_15-bin\valid.da-en.en
2025-06-06 14:32:25 | INFO | fairseq.data.multilingual.multilingual_data_manager | C:/Users/33491/PycharmProjects/machine/fairseq/models/ZeroTrans/europarl_scripts/build_data/europarl_15-bin valid da-en 2000 examples
2025-06-06 14:32:25 | INFO | fairseq.data.multilingual.multilingual_data_manager | main:en-et src_langtok: 50012; tgt_langtok: None
2025-06-06 14:32:25 | INFO | fairseq.data.data_utils | loaded 2,000 examples from: C:/Users/33491/PycharmProjects/machine/fairseq/models/ZeroTrans/europarl_scripts/build_data/europarl_15-bin\valid.en-et.en
2025-06-06 14:32:25 | INFO | fairseq.data.data_utils | loaded 2,000 examples from: C:/Users/33491/PycharmProjects/machine/fairseq/models/ZeroTrans/europarl_scripts/build_data/europarl_15-bin\valid.en-et.et
2025-06-06 14:32:25 | INFO | fairseq.data.multilingual.multilingual_data_manager | C:/Users/33491/PycharmProjects/machine/fairseq/models/ZeroTrans/europarl_scripts/build_data/europarl_15-bin valid en-et 2000 examples
2025-06-06 14:32:25 | INFO | fairseq.data.multilingual.multilingual_data_manager | main:et-en src_langtok: 50001; tgt_langtok: None
2025-06-06 14:32:25 | INFO | fairseq.data.data_utils | loaded 2,000 examples from: C:/Users/33491/PycharmProjects/machine/fairseq/models/ZeroTrans/europarl_scripts/build_data/europarl_15-bin\valid.et-en.et
2025-06-06 14:32:25 | INFO | fairseq.data.data_utils | loaded 2,000 examples from: C:/Users/33491/PycharmProjects/machine/fairseq/models/ZeroTrans/europarl_scripts/build_data/europarl_15-bin\valid.et-en.en
2025-06-06 14:32:25 | INFO | fairseq.data.multilingual.multilingual_data_manager | C:/Users/33491/PycharmProjects/machine/fairseq/models/ZeroTrans/europarl_scripts/build_data/europarl_15-bin valid et-en 2000 examples
2025-06-06 14:32:25 | INFO | fairseq.data.multilingual.multilingual_data_manager | main:en-fi src_langtok: 50013; tgt_langtok: None
2025-06-06 14:32:25 | INFO | fairseq.data.data_utils | loaded 2,000 examples from: C:/Users/33491/PycharmProjects/machine/fairseq/models/ZeroTrans/europarl_scripts/build_data/europarl_15-bin\valid.en-fi.en
2025-06-06 14:32:25 | INFO | fairseq.data.data_utils | loaded 2,000 examples from: C:/Users/33491/PycharmProjects/machine/fairseq/models/ZeroTrans/europarl_scripts/build_data/europarl_15-bin\valid.en-fi.fi
2025-06-06 14:32:25 | INFO | fairseq.data.multilingual.multilingual_data_manager | C:/Users/33491/PycharmProjects/machine/fairseq/models/ZeroTrans/europarl_scripts/build_data/europarl_15-bin valid en-fi 2000 examples
2025-06-06 14:32:25 | INFO | fairseq.data.multilingual.multilingual_data_manager | main:fi-en src_langtok: 50001; tgt_langtok: None
2025-06-06 14:32:25 | INFO | fairseq.data.data_utils | loaded 2,000 examples from: C:/Users/33491/PycharmProjects/machine/fairseq/models/ZeroTrans/europarl_scripts/build_data/europarl_15-bin\valid.fi-en.fi
2025-06-06 14:32:25 | INFO | fairseq.data.data_utils | loaded 2,000 examples from: C:/Users/33491/PycharmProjects/machine/fairseq/models/ZeroTrans/europarl_scripts/build_data/europarl_15-bin\valid.fi-en.en
2025-06-06 14:32:25 | INFO | fairseq.data.multilingual.multilingual_data_manager | C:/Users/33491/PycharmProjects/machine/fairseq/models/ZeroTrans/europarl_scripts/build_data/europarl_15-bin valid fi-en 2000 examples
2025-06-06 14:32:25 | INFO | fairseq.data.multilingual.multilingual_data_manager | main:en-hu src_langtok: 50014; tgt_langtok: None
2025-06-06 14:32:25 | INFO | fairseq.data.data_utils | loaded 2,000 examples from: C:/Users/33491/PycharmProjects/machine/fairseq/models/ZeroTrans/europarl_scripts/build_data/europarl_15-bin\valid.en-hu.en
2025-06-06 14:32:25 | INFO | fairseq.data.data_utils | loaded 2,000 examples from: C:/Users/33491/PycharmProjects/machine/fairseq/models/ZeroTrans/europarl_scripts/build_data/europarl_15-bin\valid.en-hu.hu
2025-06-06 14:32:25 | INFO | fairseq.data.multilingual.multilingual_data_manager | C:/Users/33491/PycharmProjects/machine/fairseq/models/ZeroTrans/europarl_scripts/build_data/europarl_15-bin valid en-hu 2000 examples
2025-06-06 14:32:25 | INFO | fairseq.data.multilingual.multilingual_data_manager | main:hu-en src_langtok: 50001; tgt_langtok: None
2025-06-06 14:32:25 | INFO | fairseq.data.data_utils | loaded 2,000 examples from: C:/Users/33491/PycharmProjects/machine/fairseq/models/ZeroTrans/europarl_scripts/build_data/europarl_15-bin\valid.hu-en.hu
2025-06-06 14:32:25 | INFO | fairseq.data.data_utils | loaded 2,000 examples from: C:/Users/33491/PycharmProjects/machine/fairseq/models/ZeroTrans/europarl_scripts/build_data/europarl_15-bin\valid.hu-en.en
2025-06-06 14:32:25 | INFO | fairseq.data.multilingual.multilingual_data_manager | C:/Users/33491/PycharmProjects/machine/fairseq/models/ZeroTrans/europarl_scripts/build_data/europarl_15-bin valid hu-en 2000 examples
2025-06-06 14:32:25 | INFO | fairseq.data.multilingual.multilingual_data_manager | main:en-pt src_langtok: 50015; tgt_langtok: None
2025-06-06 14:32:25 | INFO | fairseq.data.data_utils | loaded 2,000 examples from: C:/Users/33491/PycharmProjects/machine/fairseq/models/ZeroTrans/europarl_scripts/build_data/europarl_15-bin\valid.en-pt.en
2025-06-06 14:32:25 | INFO | fairseq.data.data_utils | loaded 2,000 examples from: C:/Users/33491/PycharmProjects/machine/fairseq/models/ZeroTrans/europarl_scripts/build_data/europarl_15-bin\valid.en-pt.pt
2025-06-06 14:32:25 | INFO | fairseq.data.multilingual.multilingual_data_manager | C:/Users/33491/PycharmProjects/machine/fairseq/models/ZeroTrans/europarl_scripts/build_data/europarl_15-bin valid en-pt 2000 examples
2025-06-06 14:32:25 | INFO | fairseq.data.multilingual.multilingual_data_manager | main:pt-en src_langtok: 50001; tgt_langtok: None
2025-06-06 14:32:25 | INFO | fairseq.data.data_utils | loaded 2,000 examples from: C:/Users/33491/PycharmProjects/machine/fairseq/models/ZeroTrans/europarl_scripts/build_data/europarl_15-bin\valid.pt-en.pt
2025-06-06 14:32:25 | INFO | fairseq.data.data_utils | loaded 2,000 examples from: C:/Users/33491/PycharmProjects/machine/fairseq/models/ZeroTrans/europarl_scripts/build_data/europarl_15-bin\valid.pt-en.en
2025-06-06 14:32:25 | INFO | fairseq.data.multilingual.multilingual_data_manager | C:/Users/33491/PycharmProjects/machine/fairseq/models/ZeroTrans/europarl_scripts/build_data/europarl_15-bin valid pt-en 2000 examples
2025-06-06 14:32:26 | INFO | fairseq.trainer | detected shared parameter: encoder.embed_tokens.weight <- decoder.embed_tokens.weight
2025-06-06 14:32:26 | INFO | fairseq.trainer | detected shared parameter: encoder.embed_tokens.weight <- decoder.output_projection.weight
2025-06-06 14:32:26 | INFO | fairseq.utils | ***********************CUDA enviroments for all 1 workers***********************
2025-06-06 14:32:26 | INFO | fairseq.utils | rank   0: capabilities =  8.9  ; total memory = 5.997 GB ; name = NVIDIA GeForce RTX 4050 Laptop GPU      
2025-06-06 14:32:26 | INFO | fairseq.utils | ***********************CUDA enviroments for all 1 workers***********************
2025-06-06 14:32:26 | INFO | fairseq_cli.train | training on 1 devices (GPUs/TPUs)
2025-06-06 14:32:26 | INFO | fairseq_cli.train | max tokens per device = 4000 and max sentences per device = None
2025-06-06 14:32:26 | INFO | fairseq.trainer | Preparing to load checkpoint C:/Users/33491/PycharmProjects/machine/pdec_work/checkpoints/ted_pdec/1\checkpoint_last.pt
2025-06-06 14:32:26 | INFO | fairseq.trainer | No existing checkpoint found C:/Users/33491/PycharmProjects/machine/pdec_work/checkpoints/ted_pdec/1\checkpoint_last.pt
2025-06-06 14:32:26 | INFO | fairseq.trainer | loading train data for epoch 1
2025-06-06 14:32:26 | INFO | fairseq.tasks.translation_multi_simple_epoch | loading data for train epoch=1/None
2025-06-06 14:32:26 | INFO | fairseq.tasks.translation_multi_simple_epoch | mem usage: used=9242.41015625Mb; avail=6314.140625Mb
2025-06-06 14:32:26 | INFO | fairseq.data.multilingual.multilingual_data_manager | langtoks settings: {'main': ('tgt', None)}
2025-06-06 14:32:26 | INFO | fairseq.data.multilingual.multilingual_data_manager | [train] num of shards: {'main:en-de': 1, 'main:de-en': 1, 'main:en-es': 1, 'main:es-en': 1, 'main:en-it': 1, 'main:it-en': 1, 'main:en-nl': 1, 'main:nl-en': 1, 'main:en-pl': 1, 'main:pl-en': 1, 'main:en-ro': 1, 'main:ro-en': 1, 'main:en-cs': 1, 'main:cs-en': 1, 'main:en-sl': 1, 'main:sl-en': 1, 'main:en-bg': 1, 'main:bg-en': 1, 'main:en-da': 1, 'main:da-en': 1, 'main:en-et': 1, 'main:et-en': 1, 'main:en-fi': 1, 'main:fi-en': 1, 'main:en-hu': 1, 'main:hu-en': 1, 'main:en-pt': 1, 'main:pt-en': 1}
2025-06-06 14:32:26 | INFO | fairseq.data.multilingual.multilingual_data_manager | main:en-de src_langtok: 50002; tgt_langtok: None
2025-06-06 14:32:26 | INFO | fairseq.data.data_utils | loaded 185,310 examples from: C:/Users/33491/PycharmProjects/machine/fairseq/models/ZeroTrans/europarl_scripts/build_data/europarl_15-bin\train.en-de.en
2025-06-06 14:32:26 | INFO | fairseq.data.data_utils | loaded 185,310 examples from: C:/Users/33491/PycharmProjects/machine/fairseq/models/ZeroTrans/europarl_scripts/build_data/europarl_15-bin\train.en-de.de
2025-06-06 14:32:26 | INFO | fairseq.data.multilingual.multilingual_data_manager | C:/Users/33491/PycharmProjects/machine/fairseq/models/ZeroTrans/europarl_scripts/build_data/europarl_15-bin train en-de 185310 examples
2025-06-06 14:32:26 | INFO | fairseq.data.multilingual.multilingual_data_manager | main:de-en src_langtok: 50001; tgt_langtok: None
2025-06-06 14:32:26 | INFO | fairseq.data.data_utils | loaded 185,310 examples from: C:/Users/33491/PycharmProjects/machine/fairseq/models/ZeroTrans/europarl_scripts/build_data/europarl_15-bin\train.de-en.de
2025-06-06 14:32:26 | INFO | fairseq.data.data_utils | loaded 185,310 examples from: C:/Users/33491/PycharmProjects/machine/fairseq/models/ZeroTrans/europarl_scripts/build_data/europarl_15-bin\train.de-en.en
2025-06-06 14:32:26 | INFO | fairseq.data.multilingual.multilingual_data_manager | C:/Users/33491/PycharmProjects/machine/fairseq/models/ZeroTrans/europarl_scripts/build_data/europarl_15-bin train de-en 185310 examples
2025-06-06 14:32:26 | INFO | fairseq.data.multilingual.multilingual_data_manager | main:en-es src_langtok: 50003; tgt_langtok: None
2025-06-06 14:32:26 | INFO | fairseq.data.data_utils | loaded 185,310 examples from: C:/Users/33491/PycharmProjects/machine/fairseq/models/ZeroTrans/europarl_scripts/build_data/europarl_15-bin\train.en-es.en
2025-06-06 14:32:26 | INFO | fairseq.data.data_utils | loaded 185,310 examples from: C:/Users/33491/PycharmProjects/machine/fairseq/models/ZeroTrans/europarl_scripts/build_data/europarl_15-bin\train.en-es.es
2025-06-06 14:32:26 | INFO | fairseq.data.multilingual.multilingual_data_manager | C:/Users/33491/PycharmProjects/machine/fairseq/models/ZeroTrans/europarl_scripts/build_data/europarl_15-bin train en-es 185310 examples
2025-06-06 14:32:26 | INFO | fairseq.data.multilingual.multilingual_data_manager | main:es-en src_langtok: 50001; tgt_langtok: None
2025-06-06 14:32:26 | INFO | fairseq.data.data_utils | loaded 185,310 examples from: C:/Users/33491/PycharmProjects/machine/fairseq/models/ZeroTrans/europarl_scripts/build_data/europarl_15-bin\train.es-en.es
2025-06-06 14:32:26 | INFO | fairseq.data.data_utils | loaded 185,310 examples from: C:/Users/33491/PycharmProjects/machine/fairseq/models/ZeroTrans/europarl_scripts/build_data/europarl_15-bin\train.es-en.en
2025-06-06 14:32:26 | INFO | fairseq.data.multilingual.multilingual_data_manager | C:/Users/33491/PycharmProjects/machine/fairseq/models/ZeroTrans/europarl_scripts/build_data/europarl_15-bin train es-en 185310 examples
2025-06-06 14:32:26 | INFO | fairseq.data.multilingual.multilingual_data_manager | main:en-it src_langtok: 50004; tgt_langtok: None
2025-06-06 14:32:26 | INFO | fairseq.data.data_utils | loaded 185,310 examples from: C:/Users/33491/PycharmProjects/machine/fairseq/models/ZeroTrans/europarl_scripts/build_data/europarl_15-bin\train.en-it.en
2025-06-06 14:32:26 | INFO | fairseq.data.data_utils | loaded 185,310 examples from: C:/Users/33491/PycharmProjects/machine/fairseq/models/ZeroTrans/europarl_scripts/build_data/europarl_15-bin\train.en-it.it
2025-06-06 14:32:26 | INFO | fairseq.data.multilingual.multilingual_data_manager | C:/Users/33491/PycharmProjects/machine/fairseq/models/ZeroTrans/europarl_scripts/build_data/europarl_15-bin train en-it 185310 examples
2025-06-06 14:32:26 | INFO | fairseq.data.multilingual.multilingual_data_manager | main:it-en src_langtok: 50001; tgt_langtok: None
2025-06-06 14:32:26 | INFO | fairseq.data.data_utils | loaded 185,310 examples from: C:/Users/33491/PycharmProjects/machine/fairseq/models/ZeroTrans/europarl_scripts/build_data/europarl_15-bin\train.it-en.it
2025-06-06 14:32:26 | INFO | fairseq.data.data_utils | loaded 185,310 examples from: C:/Users/33491/PycharmProjects/machine/fairseq/models/ZeroTrans/europarl_scripts/build_data/europarl_15-bin\train.it-en.en
2025-06-06 14:32:26 | INFO | fairseq.data.multilingual.multilingual_data_manager | C:/Users/33491/PycharmProjects/machine/fairseq/models/ZeroTrans/europarl_scripts/build_data/europarl_15-bin train it-en 185310 examples
2025-06-06 14:32:26 | INFO | fairseq.data.multilingual.multilingual_data_manager | main:en-nl src_langtok: 50005; tgt_langtok: None
2025-06-06 14:32:26 | INFO | fairseq.data.data_utils | loaded 185,310 examples from: C:/Users/33491/PycharmProjects/machine/fairseq/models/ZeroTrans/europarl_scripts/build_data/europarl_15-bin\train.en-nl.en
2025-06-06 14:32:26 | INFO | fairseq.data.data_utils | loaded 185,310 examples from: C:/Users/33491/PycharmProjects/machine/fairseq/models/ZeroTrans/europarl_scripts/build_data/europarl_15-bin\train.en-nl.nl
2025-06-06 14:32:26 | INFO | fairseq.data.multilingual.multilingual_data_manager | C:/Users/33491/PycharmProjects/machine/fairseq/models/ZeroTrans/europarl_scripts/build_data/europarl_15-bin train en-nl 185310 examples
2025-06-06 14:32:26 | INFO | fairseq.data.multilingual.multilingual_data_manager | main:nl-en src_langtok: 50001; tgt_langtok: None
2025-06-06 14:32:26 | INFO | fairseq.data.data_utils | loaded 185,310 examples from: C:/Users/33491/PycharmProjects/machine/fairseq/models/ZeroTrans/europarl_scripts/build_data/europarl_15-bin\train.nl-en.nl
2025-06-06 14:32:26 | INFO | fairseq.data.data_utils | loaded 185,310 examples from: C:/Users/33491/PycharmProjects/machine/fairseq/models/ZeroTrans/europarl_scripts/build_data/europarl_15-bin\train.nl-en.en
2025-06-06 14:32:26 | INFO | fairseq.data.multilingual.multilingual_data_manager | C:/Users/33491/PycharmProjects/machine/fairseq/models/ZeroTrans/europarl_scripts/build_data/europarl_15-bin train nl-en 185310 examples
2025-06-06 14:32:26 | INFO | fairseq.data.multilingual.multilingual_data_manager | main:en-pl src_langtok: 50006; tgt_langtok: None
2025-06-06 14:32:26 | INFO | fairseq.data.data_utils | loaded 185,310 examples from: C:/Users/33491/PycharmProjects/machine/fairseq/models/ZeroTrans/europarl_scripts/build_data/europarl_15-bin\train.en-pl.en
2025-06-06 14:32:27 | INFO | fairseq.data.data_utils | loaded 185,310 examples from: C:/Users/33491/PycharmProjects/machine/fairseq/models/ZeroTrans/europarl_scripts/build_data/europarl_15-bin\train.en-pl.pl
2025-06-06 14:32:27 | INFO | fairseq.data.multilingual.multilingual_data_manager | C:/Users/33491/PycharmProjects/machine/fairseq/models/ZeroTrans/europarl_scripts/build_data/europarl_15-bin train en-pl 185310 examples
2025-06-06 14:32:27 | INFO | fairseq.data.multilingual.multilingual_data_manager | main:pl-en src_langtok: 50001; tgt_langtok: None
2025-06-06 14:32:27 | INFO | fairseq.data.data_utils | loaded 185,310 examples from: C:/Users/33491/PycharmProjects/machine/fairseq/models/ZeroTrans/europarl_scripts/build_data/europarl_15-bin\train.pl-en.pl
2025-06-06 14:32:27 | INFO | fairseq.data.data_utils | loaded 185,310 examples from: C:/Users/33491/PycharmProjects/machine/fairseq/models/ZeroTrans/europarl_scripts/build_data/europarl_15-bin\train.pl-en.en
2025-06-06 14:32:27 | INFO | fairseq.data.multilingual.multilingual_data_manager | C:/Users/33491/PycharmProjects/machine/fairseq/models/ZeroTrans/europarl_scripts/build_data/europarl_15-bin train pl-en 185310 examples
2025-06-06 14:32:27 | INFO | fairseq.data.multilingual.multilingual_data_manager | main:en-ro src_langtok: 50007; tgt_langtok: None
2025-06-06 14:32:27 | INFO | fairseq.data.data_utils | loaded 185,310 examples from: C:/Users/33491/PycharmProjects/machine/fairseq/models/ZeroTrans/europarl_scripts/build_data/europarl_15-bin\train.en-ro.en
2025-06-06 14:32:27 | INFO | fairseq.data.data_utils | loaded 185,310 examples from: C:/Users/33491/PycharmProjects/machine/fairseq/models/ZeroTrans/europarl_scripts/build_data/europarl_15-bin\train.en-ro.ro
2025-06-06 14:32:27 | INFO | fairseq.data.multilingual.multilingual_data_manager | C:/Users/33491/PycharmProjects/machine/fairseq/models/ZeroTrans/europarl_scripts/build_data/europarl_15-bin train en-ro 185310 examples
2025-06-06 14:32:27 | INFO | fairseq.data.multilingual.multilingual_data_manager | main:ro-en src_langtok: 50001; tgt_langtok: None
2025-06-06 14:32:27 | INFO | fairseq.data.data_utils | loaded 185,310 examples from: C:/Users/33491/PycharmProjects/machine/fairseq/models/ZeroTrans/europarl_scripts/build_data/europarl_15-bin\train.ro-en.ro
2025-06-06 14:32:27 | INFO | fairseq.data.data_utils | loaded 185,310 examples from: C:/Users/33491/PycharmProjects/machine/fairseq/models/ZeroTrans/europarl_scripts/build_data/europarl_15-bin\train.ro-en.en
2025-06-06 14:32:27 | INFO | fairseq.data.multilingual.multilingual_data_manager | C:/Users/33491/PycharmProjects/machine/fairseq/models/ZeroTrans/europarl_scripts/build_data/europarl_15-bin train ro-en 185310 examples
2025-06-06 14:32:27 | INFO | fairseq.data.multilingual.multilingual_data_manager | main:en-cs src_langtok: 50008; tgt_langtok: None
2025-06-06 14:32:27 | INFO | fairseq.data.data_utils | loaded 185,310 examples from: C:/Users/33491/PycharmProjects/machine/fairseq/models/ZeroTrans/europarl_scripts/build_data/europarl_15-bin\train.en-cs.en
2025-06-06 14:32:27 | INFO | fairseq.data.data_utils | loaded 185,310 examples from: C:/Users/33491/PycharmProjects/machine/fairseq/models/ZeroTrans/europarl_scripts/build_data/europarl_15-bin\train.en-cs.cs
2025-06-06 14:32:27 | INFO | fairseq.data.multilingual.multilingual_data_manager | C:/Users/33491/PycharmProjects/machine/fairseq/models/ZeroTrans/europarl_scripts/build_data/europarl_15-bin train en-cs 185310 examples
2025-06-06 14:32:27 | INFO | fairseq.data.multilingual.multilingual_data_manager | main:cs-en src_langtok: 50001; tgt_langtok: None
2025-06-06 14:32:27 | INFO | fairseq.data.data_utils | loaded 185,310 examples from: C:/Users/33491/PycharmProjects/machine/fairseq/models/ZeroTrans/europarl_scripts/build_data/europarl_15-bin\train.cs-en.cs
2025-06-06 14:32:27 | INFO | fairseq.data.data_utils | loaded 185,310 examples from: C:/Users/33491/PycharmProjects/machine/fairseq/models/ZeroTrans/europarl_scripts/build_data/europarl_15-bin\train.cs-en.en
2025-06-06 14:32:27 | INFO | fairseq.data.multilingual.multilingual_data_manager | C:/Users/33491/PycharmProjects/machine/fairseq/models/ZeroTrans/europarl_scripts/build_data/europarl_15-bin train cs-en 185310 examples
2025-06-06 14:32:27 | INFO | fairseq.data.multilingual.multilingual_data_manager | main:en-sl src_langtok: 50009; tgt_langtok: None
2025-06-06 14:32:27 | INFO | fairseq.data.data_utils | loaded 185,310 examples from: C:/Users/33491/PycharmProjects/machine/fairseq/models/ZeroTrans/europarl_scripts/build_data/europarl_15-bin\train.en-sl.en
2025-06-06 14:32:27 | INFO | fairseq.data.data_utils | loaded 185,310 examples from: C:/Users/33491/PycharmProjects/machine/fairseq/models/ZeroTrans/europarl_scripts/build_data/europarl_15-bin\train.en-sl.sl
2025-06-06 14:32:27 | INFO | fairseq.data.multilingual.multilingual_data_manager | C:/Users/33491/PycharmProjects/machine/fairseq/models/ZeroTrans/europarl_scripts/build_data/europarl_15-bin train en-sl 185310 examples
2025-06-06 14:32:27 | INFO | fairseq.data.multilingual.multilingual_data_manager | main:sl-en src_langtok: 50001; tgt_langtok: None
2025-06-06 14:32:27 | INFO | fairseq.data.data_utils | loaded 185,310 examples from: C:/Users/33491/PycharmProjects/machine/fairseq/models/ZeroTrans/europarl_scripts/build_data/europarl_15-bin\train.sl-en.sl
2025-06-06 14:32:27 | INFO | fairseq.data.data_utils | loaded 185,310 examples from: C:/Users/33491/PycharmProjects/machine/fairseq/models/ZeroTrans/europarl_scripts/build_data/europarl_15-bin\train.sl-en.en
2025-06-06 14:32:27 | INFO | fairseq.data.multilingual.multilingual_data_manager | C:/Users/33491/PycharmProjects/machine/fairseq/models/ZeroTrans/europarl_scripts/build_data/europarl_15-bin train sl-en 185310 examples
2025-06-06 14:32:27 | INFO | fairseq.data.multilingual.multilingual_data_manager | main:en-bg src_langtok: 50010; tgt_langtok: None
2025-06-06 14:32:27 | INFO | fairseq.data.data_utils | loaded 185,310 examples from: C:/Users/33491/PycharmProjects/machine/fairseq/models/ZeroTrans/europarl_scripts/build_data/europarl_15-bin\train.en-bg.en
2025-06-06 14:32:27 | INFO | fairseq.data.data_utils | loaded 185,310 examples from: C:/Users/33491/PycharmProjects/machine/fairseq/models/ZeroTrans/europarl_scripts/build_data/europarl_15-bin\train.en-bg.bg
2025-06-06 14:32:27 | INFO | fairseq.data.multilingual.multilingual_data_manager | C:/Users/33491/PycharmProjects/machine/fairseq/models/ZeroTrans/europarl_scripts/build_data/europarl_15-bin train en-bg 185310 examples
2025-06-06 14:32:27 | INFO | fairseq.data.multilingual.multilingual_data_manager | main:bg-en src_langtok: 50001; tgt_langtok: None
2025-06-06 14:32:27 | INFO | fairseq.data.data_utils | loaded 185,310 examples from: C:/Users/33491/PycharmProjects/machine/fairseq/models/ZeroTrans/europarl_scripts/build_data/europarl_15-bin\train.bg-en.bg
2025-06-06 14:32:28 | INFO | fairseq.data.data_utils | loaded 185,310 examples from: C:/Users/33491/PycharmProjects/machine/fairseq/models/ZeroTrans/europarl_scripts/build_data/europarl_15-bin\train.bg-en.en
2025-06-06 14:32:28 | INFO | fairseq.data.multilingual.multilingual_data_manager | C:/Users/33491/PycharmProjects/machine/fairseq/models/ZeroTrans/europarl_scripts/build_data/europarl_15-bin train bg-en 185310 examples
2025-06-06 14:32:28 | INFO | fairseq.data.multilingual.multilingual_data_manager | main:en-da src_langtok: 50011; tgt_langtok: None
2025-06-06 14:32:28 | INFO | fairseq.data.data_utils | loaded 185,310 examples from: C:/Users/33491/PycharmProjects/machine/fairseq/models/ZeroTrans/europarl_scripts/build_data/europarl_15-bin\train.en-da.en
2025-06-06 14:32:28 | INFO | fairseq.data.data_utils | loaded 185,310 examples from: C:/Users/33491/PycharmProjects/machine/fairseq/models/ZeroTrans/europarl_scripts/build_data/europarl_15-bin\train.en-da.da
2025-06-06 14:32:28 | INFO | fairseq.data.multilingual.multilingual_data_manager | C:/Users/33491/PycharmProjects/machine/fairseq/models/ZeroTrans/europarl_scripts/build_data/europarl_15-bin train en-da 185310 examples
2025-06-06 14:32:28 | INFO | fairseq.data.multilingual.multilingual_data_manager | main:da-en src_langtok: 50001; tgt_langtok: None
2025-06-06 14:32:28 | INFO | fairseq.data.data_utils | loaded 185,310 examples from: C:/Users/33491/PycharmProjects/machine/fairseq/models/ZeroTrans/europarl_scripts/build_data/europarl_15-bin\train.da-en.da
2025-06-06 14:32:28 | INFO | fairseq.data.data_utils | loaded 185,310 examples from: C:/Users/33491/PycharmProjects/machine/fairseq/models/ZeroTrans/europarl_scripts/build_data/europarl_15-bin\train.da-en.en
2025-06-06 14:32:28 | INFO | fairseq.data.multilingual.multilingual_data_manager | C:/Users/33491/PycharmProjects/machine/fairseq/models/ZeroTrans/europarl_scripts/build_data/europarl_15-bin train da-en 185310 examples
2025-06-06 14:32:28 | INFO | fairseq.data.multilingual.multilingual_data_manager | main:en-et src_langtok: 50012; tgt_langtok: None
2025-06-06 14:32:28 | INFO | fairseq.data.data_utils | loaded 185,310 examples from: C:/Users/33491/PycharmProjects/machine/fairseq/models/ZeroTrans/europarl_scripts/build_data/europarl_15-bin\train.en-et.en
2025-06-06 14:32:28 | INFO | fairseq.data.data_utils | loaded 185,310 examples from: C:/Users/33491/PycharmProjects/machine/fairseq/models/ZeroTrans/europarl_scripts/build_data/europarl_15-bin\train.en-et.et
2025-06-06 14:32:28 | INFO | fairseq.data.multilingual.multilingual_data_manager | C:/Users/33491/PycharmProjects/machine/fairseq/models/ZeroTrans/europarl_scripts/build_data/europarl_15-bin train en-et 185310 examples
2025-06-06 14:32:28 | INFO | fairseq.data.multilingual.multilingual_data_manager | main:et-en src_langtok: 50001; tgt_langtok: None
2025-06-06 14:32:28 | INFO | fairseq.data.data_utils | loaded 185,310 examples from: C:/Users/33491/PycharmProjects/machine/fairseq/models/ZeroTrans/europarl_scripts/build_data/europarl_15-bin\train.et-en.et
2025-06-06 14:32:28 | INFO | fairseq.data.data_utils | loaded 185,310 examples from: C:/Users/33491/PycharmProjects/machine/fairseq/models/ZeroTrans/europarl_scripts/build_data/europarl_15-bin\train.et-en.en
2025-06-06 14:32:28 | INFO | fairseq.data.multilingual.multilingual_data_manager | C:/Users/33491/PycharmProjects/machine/fairseq/models/ZeroTrans/europarl_scripts/build_data/europarl_15-bin train et-en 185310 examples
2025-06-06 14:32:28 | INFO | fairseq.data.multilingual.multilingual_data_manager | main:en-fi src_langtok: 50013; tgt_langtok: None
2025-06-06 14:32:28 | INFO | fairseq.data.data_utils | loaded 185,310 examples from: C:/Users/33491/PycharmProjects/machine/fairseq/models/ZeroTrans/europarl_scripts/build_data/europarl_15-bin\train.en-fi.en
2025-06-06 14:32:28 | INFO | fairseq.data.data_utils | loaded 185,310 examples from: C:/Users/33491/PycharmProjects/machine/fairseq/models/ZeroTrans/europarl_scripts/build_data/europarl_15-bin\train.en-fi.fi
2025-06-06 14:32:28 | INFO | fairseq.data.multilingual.multilingual_data_manager | C:/Users/33491/PycharmProjects/machine/fairseq/models/ZeroTrans/europarl_scripts/build_data/europarl_15-bin train en-fi 185310 examples
2025-06-06 14:32:28 | INFO | fairseq.data.multilingual.multilingual_data_manager | main:fi-en src_langtok: 50001; tgt_langtok: None
2025-06-06 14:32:28 | INFO | fairseq.data.data_utils | loaded 185,310 examples from: C:/Users/33491/PycharmProjects/machine/fairseq/models/ZeroTrans/europarl_scripts/build_data/europarl_15-bin\train.fi-en.fi
2025-06-06 14:32:28 | INFO | fairseq.data.data_utils | loaded 185,310 examples from: C:/Users/33491/PycharmProjects/machine/fairseq/models/ZeroTrans/europarl_scripts/build_data/europarl_15-bin\train.fi-en.en
2025-06-06 14:32:28 | INFO | fairseq.data.multilingual.multilingual_data_manager | C:/Users/33491/PycharmProjects/machine/fairseq/models/ZeroTrans/europarl_scripts/build_data/europarl_15-bin train fi-en 185310 examples
2025-06-06 14:32:28 | INFO | fairseq.data.multilingual.multilingual_data_manager | main:en-hu src_langtok: 50014; tgt_langtok: None
2025-06-06 14:32:28 | INFO | fairseq.data.data_utils | loaded 185,310 examples from: C:/Users/33491/PycharmProjects/machine/fairseq/models/ZeroTrans/europarl_scripts/build_data/europarl_15-bin\train.en-hu.en
2025-06-06 14:32:28 | INFO | fairseq.data.data_utils | loaded 185,310 examples from: C:/Users/33491/PycharmProjects/machine/fairseq/models/ZeroTrans/europarl_scripts/build_data/europarl_15-bin\train.en-hu.hu
2025-06-06 14:32:28 | INFO | fairseq.data.multilingual.multilingual_data_manager | C:/Users/33491/PycharmProjects/machine/fairseq/models/ZeroTrans/europarl_scripts/build_data/europarl_15-bin train en-hu 185310 examples
2025-06-06 14:32:28 | INFO | fairseq.data.multilingual.multilingual_data_manager | main:hu-en src_langtok: 50001; tgt_langtok: None
2025-06-06 14:32:28 | INFO | fairseq.data.data_utils | loaded 185,310 examples from: C:/Users/33491/PycharmProjects/machine/fairseq/models/ZeroTrans/europarl_scripts/build_data/europarl_15-bin\train.hu-en.hu
2025-06-06 14:32:28 | INFO | fairseq.data.data_utils | loaded 185,310 examples from: C:/Users/33491/PycharmProjects/machine/fairseq/models/ZeroTrans/europarl_scripts/build_data/europarl_15-bin\train.hu-en.en
2025-06-06 14:32:28 | INFO | fairseq.data.multilingual.multilingual_data_manager | C:/Users/33491/PycharmProjects/machine/fairseq/models/ZeroTrans/europarl_scripts/build_data/europarl_15-bin train hu-en 185310 examples
2025-06-06 14:32:28 | INFO | fairseq.data.multilingual.multilingual_data_manager | main:en-pt src_langtok: 50015; tgt_langtok: None
2025-06-06 14:32:28 | INFO | fairseq.data.data_utils | loaded 185,310 examples from: C:/Users/33491/PycharmProjects/machine/fairseq/models/ZeroTrans/europarl_scripts/build_data/europarl_15-bin\train.en-pt.en
2025-06-06 14:32:29 | INFO | fairseq.data.data_utils | loaded 185,310 examples from: C:/Users/33491/PycharmProjects/machine/fairseq/models/ZeroTrans/europarl_scripts/build_data/europarl_15-bin\train.en-pt.pt
2025-06-06 14:32:29 | INFO | fairseq.data.multilingual.multilingual_data_manager | C:/Users/33491/PycharmProjects/machine/fairseq/models/ZeroTrans/europarl_scripts/build_data/europarl_15-bin train en-pt 185310 examples
2025-06-06 14:32:29 | INFO | fairseq.data.multilingual.multilingual_data_manager | main:pt-en src_langtok: 50001; tgt_langtok: None
2025-06-06 14:32:29 | INFO | fairseq.data.data_utils | loaded 185,310 examples from: C:/Users/33491/PycharmProjects/machine/fairseq/models/ZeroTrans/europarl_scripts/build_data/europarl_15-bin\train.pt-en.pt
2025-06-06 14:32:29 | INFO | fairseq.data.data_utils | loaded 185,310 examples from: C:/Users/33491/PycharmProjects/machine/fairseq/models/ZeroTrans/europarl_scripts/build_data/europarl_15-bin\train.pt-en.en
2025-06-06 14:32:29 | INFO | fairseq.data.multilingual.multilingual_data_manager | C:/Users/33491/PycharmProjects/machine/fairseq/models/ZeroTrans/europarl_scripts/build_data/europarl_15-bin train pt-en 185310 examples
2025-06-06 14:32:29 | INFO | fairseq.data.multilingual.multilingual_data_manager | estimated total data sizes of all shards used in sampling ratios: [('main:en-de', 185310), ('main:de-en', 185310), ('main:en-es', 185310), ('main:es-en', 185310), ('main:en-it', 185310), ('main:it-en', 185310), ('main:en-nl', 185310), ('main:nl-en', 185310), ('main:en-pl', 185310), ('main:pl-en', 185310), ('main:en-ro', 185310), ('main:ro-en', 185310), ('main:en-cs', 185310), ('main:cs-en', 185310), ('main:en-sl', 185310), ('main:sl-en', 185310), ('main:en-bg', 185310), ('main:bg-en', 185310), ('main:en-da', 185310), ('main:da-en', 185310), ('main:en-et', 185310), ('main:et-en', 185310), ('main:en-fi', 185310), ('main:fi-en', 185310), ('main:en-hu', 185310), ('main:hu-en', 185310), ('main:en-pt', 185310), ('main:pt-en', 185310)]. Note that if the data a shard has not been loaded yet, use the max known data size to approximate
2025-06-06 14:32:29 | INFO | fairseq.data.multilingual.sampling_method | selected sampler: temperature
2025-06-06 14:32:29 | INFO | fairseq.data.multilingual.multilingual_data_manager | | Upsample ratios: [('main:en-de', 0.5135330435446758), ('main:de-en', 0.5135330435446758), ('main:en-es', 0.5135330435446758), ('main:es-en', 0.5135330435446758), ('main:en-it', 0.5135330435446758), ('main:it-en', 0.5135330435446758), ('main:en-nl', 0.5135330435446758), ('main:nl-en', 0.5135330435446758), ('main:en-pl', 0.5135330435446758), ('main:pl-en', 0.5135330435446758), ('main:en-ro', 0.5135330435446758), ('main:ro-en', 0.5135330435446758), ('main:en-cs', 0.5135330435446758), ('main:cs-en', 0.5135330435446758), ('main:en-sl', 0.5135330435446758), ('main:sl-en', 0.5135330435446758), ('main:en-bg', 0.5135330435446758), ('main:bg-en', 0.5135330435446758), ('main:en-da', 0.5135330435446758), ('main:da-en', 0.5135330435446758), ('main:en-et', 0.5135330435446758), ('main:et-en', 0.5135330435446758), ('main:en-fi', 0.5135330435446758), ('main:fi-en', 0.5135330435446758), ('main:en-hu', 0.5135330435446758), ('main:hu-en', 0.5135330435446758), ('main:en-pt', 0.5135330435446758), ('main:pt-en', 0.5135330435446758)]
2025-06-06 14:32:29 | INFO | fairseq.data.multilingual.sampled_multi_dataset | [train] Raw sizes: {'main:en-de': 185310, 'main:de-en': 185310, 'main:en-es': 185310, 'main:es-en': 185310, 'main:en-it': 185310, 'main:it-en': 185310, 'main:en-nl': 185310, 'main:nl-en': 185310, 'main:en-pl': 185310, 'main:pl-en': 185310, 'main:en-ro': 185310, 'main:ro-en': 185310, 'main:en-cs': 185310, 'main:cs-en': 185310, 'main:en-sl': 185310, 'main:sl-en': 185310, 'main:en-bg': 185310, 'main:bg-en': 185310, 'main:en-da': 185310, 'main:da-en': 185310, 'main:en-et': 185310, 'main:et-en': 185310, 'main:en-fi': 185310, 'main:fi-en': 185310, 'main:en-hu': 185310, 'main:hu-en': 185310, 'main:en-pt': 185310, 'main:pt-en': 185310}; raw total size: 5188680
2025-06-06 14:32:29 | INFO | fairseq.data.multilingual.sampled_multi_dataset | [train] Resampled sizes: {'main:en-de': 185312, 'main:de-en': 185310, 'main:en-es': 185309, 'main:es-en': 185311, 'main:en-it': 185309, 'main:it-en': 185310, 'main:en-nl': 185311, 'main:nl-en': 185310, 'main:en-pl': 185312, 'main:pl-en': 185309, 'main:en-ro': 185309, 'main:ro-en': 185311, 'main:en-cs': 185309, 'main:cs-en': 185309, 'main:en-sl': 185309, 'main:sl-en': 185310, 'main:en-bg': 185311, 'main:bg-en': 185309, 'main:en-da': 185309, 'main:da-en': 185312, 'main:en-et': 185310, 'main:et-en': 185309, 'main:en-fi': 185309, 'main:fi-en': 185311, 'main:en-hu': 185311, 'main:hu-en': 185309, 'main:en-pt': 185310, 'main:pt-en': 185310}; resampled total size: 5188680
2025-06-06 14:32:29 | INFO | fairseq.data.multilingual.sampled_multi_dataset | [train] Upsampling ratios: {'main:en-de': 0.5135330435446758, 'main:de-en': 0.5135330435446758, 'main:en-es': 0.5135330435446758, 'main:es-en': 0.5135330435446758, 'main:en-it': 0.5135330435446758, 'main:it-en': 0.5135330435446758, 'main:en-nl': 0.5135330435446758, 'main:nl-en': 0.5135330435446758, 'main:en-pl': 0.5135330435446758, 'main:pl-en': 0.5135330435446758, 'main:en-ro': 0.5135330435446758, 'main:ro-en': 0.5135330435446758, 'main:en-cs': 0.5135330435446758, 'main:cs-en': 0.5135330435446758, 'main:en-sl': 0.5135330435446758, 'main:sl-en': 0.5135330435446758, 'main:en-bg': 0.5135330435446758, 'main:bg-en': 0.5135330435446758, 'main:en-da': 0.5135330435446758, 'main:da-en': 0.5135330435446758, 'main:en-et': 0.5135330435446758, 'main:et-en': 0.5135330435446758, 'main:en-fi': 0.5135330435446758, 'main:fi-en': 0.5135330435446758, 'main:en-hu': 0.5135330435446758, 'main:hu-en': 0.5135330435446758, 'main:en-pt': 0.5135330435446758, 'main:pt-en': 0.5135330435446758}
2025-06-06 14:32:29 | INFO | fairseq.data.multilingual.sampled_multi_dataset | [train] virtual dataset established time: 0:00:00.073640
2025-06-06 14:32:29 | INFO | fairseq.tasks.translation_multi_simple_epoch | start batch sampler: mem usage: used=9461.515625Mb; avail=6095.03515625Mb
2025-06-06 14:32:29 | INFO | fairseq.data.multilingual.sampled_multi_dataset | sizes() calling time: 0:00:00.059870
2025-06-06 14:32:30 | INFO | fairseq.tasks.translation_multi_simple_epoch | [train] @batch_sampler order indices time: 0:00:00.844561
2025-06-06 14:32:30 | INFO | fairseq.tasks.translation_multi_simple_epoch | mem usage: used=9453.984375Mb; avail=6101.8046875Mb
2025-06-06 14:32:30 | INFO | fairseq.tasks.translation_multi_simple_epoch | [train] @batch_sampler filter_by_size time: 0:00:00.143783
2025-06-06 14:32:30 | INFO | fairseq.tasks.translation_multi_simple_epoch | mem usage: used=9454.79296875Mb; avail=6101.7578125Mb
2025-06-06 14:32:30 | INFO | fairseq.tasks.translation_multi_simple_epoch | [train] @batch_sampler batch_by_size time: 0:00:00.347446
2025-06-06 14:32:30 | INFO | fairseq.tasks.translation_multi_simple_epoch | [train] per epoch batch_sampler set-up time: 0:00:01.351614
2025-06-06 14:32:30 | INFO | fairseq.tasks.translation_multi_simple_epoch | mem usage: used=9497.5625Mb; avail=6058.98828125Mb
2025-06-06 14:32:32 | INFO | fairseq_cli.train | begin dry-run validation on "valid" subset
2025-06-06 14:32:32 | INFO | fairseq.tasks.translation_multi_simple_epoch | start batch sampler: mem usage: used=10549.41015625Mb; avail=5007.140625Mb
2025-06-06 14:32:32 | INFO | fairseq.tasks.translation_multi_simple_epoch | [valid] @batch_sampler order indices time: 0:00:00.010586
2025-06-06 14:32:32 | INFO | fairseq.tasks.translation_multi_simple_epoch | mem usage: used=10549.41015625Mb; avail=5010.140625Mb
2025-06-06 14:32:32 | INFO | fairseq.tasks.translation_multi_simple_epoch | [valid] @batch_sampler filter_by_size time: 0:00:00.155806
2025-06-06 14:32:32 | INFO | fairseq.tasks.translation_multi_simple_epoch | mem usage: used=10529.08203125Mb; avail=5027.46875Mb
2025-06-06 14:32:33 | INFO | fairseq.tasks.translation_multi_simple_epoch | [valid] @batch_sampler batch_by_size time: 0:00:00.199051
2025-06-06 14:32:33 | INFO | fairseq.tasks.translation_multi_simple_epoch | [valid] per epoch batch_sampler set-up time: 0:00:00.386172
2025-06-06 14:32:33 | INFO | fairseq.tasks.translation_multi_simple_epoch | mem usage: used=10529.08984375Mb; avail=5027.4609375Mb
2025-06-06 14:32:35 | INFO | fairseq.tasks.text_to_speech | Please install tensorboardX: pip install tensorboardX
2025-06-06 14:32:44 | INFO | fairseq.tasks.text_to_speech | Please install tensorboardX: pip install tensorboardX
2025-06-06 14:32:48 | INFO | fairseq.data.iterators | grouped total_num_itrs = 53035
2025-06-06 14:32:48 | INFO | fairseq.trainer | begin training epoch 1
2025-06-06 14:32:48 | INFO | fairseq_cli.train | Start iterating over samples
2025-06-06 14:32:50 | INFO | fairseq.trainer | NOTE: gradient overflow detected, ignoring gradient, setting loss scale to: 64.0
2025-06-06 14:32:50 | INFO | fairseq.trainer | NOTE: gradient overflow detected, ignoring gradient, setting loss scale to: 32.0
2025-06-06 14:32:56 | INFO | fairseq.trainer | NOTE: gradient overflow detected, ignoring gradient, setting loss scale to: 16.0
2025-06-06 14:32:57 | INFO | fairseq.trainer | NOTE: gradient overflow detected, ignoring gradient, setting loss scale to: 8.0
2025-06-06 14:38:10 | INFO | train_inner | epoch 001:   1004 / 53035 loss=8.617, nll_loss=7.592, ppl=192.89, wps=10698.6, ups=3.12, wpb=3428.4, bsz=97.8, num_updates=1000, lr=0.000125, gnorm=2.888, loss_scale=8, train_wall=320, gb_free=2, wall=345
2025-06-06 14:43:12 | INFO | train_inner | epoch 001:   2004 / 53035 loss=6.957, nll_loss=5.665, ppl=50.75, wps=11321.2, ups=3.32, wpb=3411.6, bsz=100.4, num_updates=2000, lr=0.00025, gnorm=1.305, loss_scale=8, train_wall=299, gb_free=2.1, wall=646
2025-06-06 14:48:11 | INFO | train_inner | epoch 001:   3004 / 53035 loss=6.656, nll_loss=5.325, ppl=40.09, wps=11365.5, ups=3.34, wpb=3400.3, bsz=100, num_updates=3000, lr=0.000375, gnorm=1.036, loss_scale=8, train_wall=297, gb_free=1.9, wall=945
2025-06-06 14:53:11 | INFO | train_inner | epoch 001:   4004 / 53035 loss=6.468, nll_loss=5.113, ppl=34.6, wps=11392.5, ups=3.34, wpb=3414.1, bsz=100.2, num_updates=4000, lr=0.0005, gnorm=0.937, loss_scale=8, train_wall=297, gb_free=2, wall=1245
2025-06-06 14:58:04 | INFO | train_inner | epoch 001:   5004 / 53035 loss=6.382, nll_loss=5.018, ppl=32.4, wps=11515.7, ups=3.41, wpb=3372.3, bsz=99.8, num_updates=5000, lr=0.000447214, gnorm=0.874, loss_scale=8, train_wall=290, gb_free=2.1, wall=1538
2025-06-06 15:03:02 | INFO | train_inner | epoch 001:   6004 / 53035 loss=6.236, nll_loss=4.854, ppl=28.91, wps=11370.5, ups=3.35, wpb=3391.3, bsz=97.8, num_updates=6000, lr=0.000408248, gnorm=0.835, loss_scale=8, train_wall=296, gb_free=2.3, wall=1836
2025-06-06 15:07:54 | INFO | train_inner | epoch 001:   7004 / 53035 loss=6.152, nll_loss=4.76, ppl=27.09, wps=11571.4, ups=3.42, wpb=3380.3, bsz=98.8, num_updates=7000, lr=0.000377964, gnorm=0.835, loss_scale=8, train_wall=290, gb_free=2.3, wall=2128
2025-06-06 15:15:28 | INFO | train_inner | epoch 001:   8004 / 53035 loss=6.049, nll_loss=4.644, ppl=25.01, wps=7502.1, ups=2.2, wpb=3406.7, bsz=96.9, num_updates=8000, lr=0.000353553, gnorm=0.818, loss_scale=8, train_wall=451, gb_free=1.9, wall=2582
2025-06-06 15:23:14 | INFO | train_inner | epoch 001:   9004 / 53035 loss=6.019, nll_loss=4.611, ppl=24.43, wps=7214.1, ups=2.14, wpb=3363.5, bsz=98.8, num_updates=9000, lr=0.000333333, gnorm=0.851, loss_scale=8, train_wall=463, gb_free=2.1, wall=3049
2025-06-06 15:30:56 | INFO | train_inner | epoch 001:  10004 / 53035 loss=5.99, nll_loss=4.578, ppl=23.88, wps=7266.5, ups=2.17, wpb=3352.3, bsz=96.1, num_updates=10000, lr=0.000316228, gnorm=0.854, loss_scale=8, train_wall=458, gb_free=2.1, wall=3510
2025-06-06 15:38:40 | INFO | train_inner | epoch 001:  11004 / 53035 loss=5.93, nll_loss=4.511, ppl=22.79, wps=7234.2, ups=2.15, wpb=3359.4, bsz=98.4, num_updates=11000, lr=0.000301511, gnorm=0.857, loss_scale=8, train_wall=461, gb_free=1.9, wall=3974
2025-06-06 15:46:29 | INFO | train_inner | epoch 001:  12004 / 53035 loss=5.906, nll_loss=4.483, ppl=22.37, wps=7203, ups=2.13, wpb=3379.4, bsz=98.5, num_updates=12000, lr=0.000288675, gnorm=0.932, loss_scale=8, train_wall=466, gb_free=1.8, wall=4444
2025-06-06 15:54:18 | INFO | train_inner | epoch 001:  13004 / 53035 loss=5.843, nll_loss=4.413, ppl=21.3, wps=7208, ups=2.13, wpb=3379.6, bsz=98.4, num_updates=13000, lr=0.00027735, gnorm=0.887, loss_scale=8, train_wall=466, gb_free=2.8, wall=4912
2025-06-06 16:02:20 | INFO | train_inner | epoch 001:  14004 / 53035 loss=5.798, nll_loss=4.362, ppl=20.56, wps=7048.2, ups=2.07, wpb=3400.4, bsz=98.7, num_updates=14000, lr=0.000267261, gnorm=0.906, loss_scale=8, train_wall=479, gb_free=2.2, wall=5395
2025-06-06 16:06:45 | INFO | fairseq.trainer | NOTE: gradient overflow detected, ignoring gradient, setting loss scale to: 4.0
2025-06-06 16:10:22 | INFO | train_inner | epoch 001:  15005 / 53035 loss=5.791, nll_loss=4.354, ppl=20.44, wps=7048.2, ups=2.08, wpb=3390.5, bsz=95.5, num_updates=15000, lr=0.000258199, gnorm=0.961, loss_scale=4, train_wall=477, gb_free=2, wall=5876
2025-06-06 16:18:43 | INFO | train_inner | epoch 001:  16005 / 53035 loss=5.746, nll_loss=4.303, ppl=19.75, wps=6778.9, ups=1.99, wpb=3400.6, bsz=95.1, num_updates=16000, lr=0.00025, gnorm=0.941, loss_scale=4, train_wall=499, gb_free=2.1, wall=6378
2025-06-06 16:27:03 | INFO | train_inner | epoch 001:  17005 / 53035 loss=5.756, nll_loss=4.314, ppl=19.89, wps=6762.6, ups=2, wpb=3381.1, bsz=99.7, num_updates=17000, lr=0.000242536, gnorm=0.981, loss_scale=4, train_wall=497, gb_free=2.1, wall=6878
2025-06-06 16:35:48 | INFO | train_inner | epoch 001:  18005 / 53035 loss=5.69, nll_loss=4.24, ppl=18.9, wps=6481, ups=1.9, wpb=3402.6, bsz=101.8, num_updates=18000, lr=0.000235702, gnorm=0.974, loss_scale=4, train_wall=522, gb_free=2.1, wall=7403
2025-06-06 16:47:36 | INFO | train_inner | epoch 001:  19005 / 53035 loss=5.708, nll_loss=4.26, ppl=19.17, wps=4788.3, ups=1.41, wpb=3390.3, bsz=95.8, num_updates=19000, lr=0.000229416, gnorm=1.032, loss_scale=4, train_wall=702, gb_free=2.5, wall=8111
2025-06-06 17:02:39 | INFO | train_inner | epoch 001:  20005 / 53035 loss=5.69, nll_loss=4.241, ppl=18.9, wps=3745.5, ups=1.11, wpb=3383.2, bsz=96.7, num_updates=20000, lr=0.000223607, gnorm=0.975, loss_scale=4, train_wall=890, gb_free=1.9, wall=9014
2025-06-06 17:11:40 | INFO | train_inner | epoch 001:  21005 / 53035 loss=5.669, nll_loss=4.216, ppl=18.58, wps=6242.1, ups=1.85, wpb=3373.4, bsz=99.3, num_updates=21000, lr=0.000218218, gnorm=1.001, loss_scale=4, train_wall=537, gb_free=1.8, wall=9554
2025-06-06 17:20:22 | INFO | train_inner | epoch 001:  22005 / 53035 loss=5.675, nll_loss=4.223, ppl=18.67, wps=6465.6, ups=1.92, wpb=3373.1, bsz=96.5, num_updates=22000, lr=0.000213201, gnorm=1.111, loss_scale=4, train_wall=518, gb_free=1.8, wall=10076
2025-06-06 17:29:00 | INFO | train_inner | epoch 001:  23005 / 53035 loss=5.636, nll_loss=4.179, ppl=18.11, wps=6548.8, ups=1.93, wpb=3392.4, bsz=95.9, num_updates=23000, lr=0.000208514, gnorm=1.078, loss_scale=4, train_wall=514, gb_free=2.6, wall=10594
2025-06-06 17:37:39 | INFO | train_inner | epoch 001:  24005 / 53035 loss=5.631, nll_loss=4.173, ppl=18.03, wps=6515.9, ups=1.93, wpb=3384, bsz=98.7, num_updates=24000, lr=0.000204124, gnorm=1.054, loss_scale=4, train_wall=516, gb_free=1.9, wall=11113
