2025-06-05 17:40:21 | INFO | fairseq.tasks.text_to_speech | Please install tensorboardX: pip install tensorboardX
2025-06-05 17:40:22 | INFO | fairseq_cli.preprocess | Namespace(aim_repo=None, aim_run_hash=None, align_suffix=None, alignfile=None, all_gather_list_size=16384, amp=False, amp_batch_retries=2, amp_init_scale=128, amp_scale_window=None, azureml_logging=False, bf16=False, bpe=None, cpu=False, criterion='cross_entropy', dataset_impl='mmap', destdir='C:\\Users\\33491\\PycharmProjects\\machine\\fairseq\\models\\ZeroTrans\\europarl_scripts\\build_data\\europarl_15-bin', dict_only=False, empty_cache_freq=0, fp16=False, fp16_init_scale=128, fp16_no_flatten_grads=False, fp16_scale_tolerance=0.0, fp16_scale_window=None, joined_dictionary=False, log_file=None, log_format=None, log_interval=100, lr_scheduler='fixed', memory_efficient_bf16=False, memory_efficient_fp16=False, min_loss_scale=0.0001, model_parallel_size=1, no_progress_bar=False, nwordssrc=-1, nwordstgt=-1, on_cpu_convert_precision=False, only_source=False, optimizer=None, padding_factor=1, plasma_path='/tmp/plasma', profile=False, quantization_config_path=None, reset_logging=False, scoring='bleu', seed=1, source_lang='en', srcdict='C:\\Users\\33491\\PycharmProjects\\machine\\fairseq\\models\\ZeroTrans\\europarl_scripts\\build_data\\europarl_15-bin/dict.txt', suppress_crashes=False, target_lang='hu', task='translation', tensorboard_logdir=None, testpref='C:/Users/33491/PycharmProjects/machine/fairseq/models/ZeroTrans/europarl_scripts/build_data/bpe/test.en_hu', tgtdict='C:\\Users\\33491\\PycharmProjects\\machine\\fairseq\\models\\ZeroTrans\\europarl_scripts\\build_data\\europarl_15-bin/dict.txt', threshold_loss_scale=None, thresholdsrc=0, thresholdtgt=0, tokenizer=None, tpu=False, trainpref='C:/Users/33491/PycharmProjects/machine/fairseq/models/ZeroTrans/europarl_scripts/build_data/bpe/train.en_hu', use_plasma_view=False, user_dir=None, validpref='C:/Users/33491/PycharmProjects/machine/fairseq/models/ZeroTrans/europarl_scripts/build_data/bpe/valid.en_hu', wandb_project=None, workers=4)
2025-06-05 17:40:23 | INFO | fairseq_cli.preprocess | [en] Dictionary: 50001 types
2025-06-05 17:40:33 | INFO | fairseq.tasks.text_to_speech | Please install tensorboardX: pip install tensorboardX
2025-06-05 17:40:33 | INFO | fairseq.tasks.text_to_speech | Please install tensorboardX: pip install tensorboardX
2025-06-05 17:40:33 | INFO | fairseq.tasks.text_to_speech | Please install tensorboardX: pip install tensorboardX
2025-06-05 17:41:06 | INFO | fairseq_cli.preprocess | [en] C:/Users/33491/PycharmProjects/machine/fairseq/models/ZeroTrans/europarl_scripts/build_data/bpe/train.en_hu.en: 185310 sents, 6655723 tokens, 1.5e-05% replaced (by <unk>)
2025-06-05 17:41:06 | INFO | fairseq_cli.preprocess | [en] Dictionary: 50001 types
2025-06-05 17:41:17 | INFO | fairseq.tasks.text_to_speech | Please install tensorboardX: pip install tensorboardX
2025-06-05 17:41:17 | INFO | fairseq.tasks.text_to_speech | Please install tensorboardX: pip install tensorboardX
2025-06-05 17:41:17 | INFO | fairseq.tasks.text_to_speech | Please install tensorboardX: pip install tensorboardX
2025-06-05 17:41:20 | INFO | fairseq_cli.preprocess | [en] C:/Users/33491/PycharmProjects/machine/fairseq/models/ZeroTrans/europarl_scripts/build_data/bpe/valid.en_hu.en: 2000 sents, 71569 tokens, 0.0% replaced (by <unk>)
2025-06-05 17:41:20 | INFO | fairseq_cli.preprocess | [en] Dictionary: 50001 types
2025-06-05 17:41:32 | INFO | fairseq.tasks.text_to_speech | Please install tensorboardX: pip install tensorboardX
2025-06-05 17:41:32 | INFO | fairseq.tasks.text_to_speech | Please install tensorboardX: pip install tensorboardX
2025-06-05 17:41:32 | INFO | fairseq.tasks.text_to_speech | Please install tensorboardX: pip install tensorboardX
2025-06-05 17:41:35 | INFO | fairseq_cli.preprocess | [en] C:/Users/33491/PycharmProjects/machine/fairseq/models/ZeroTrans/europarl_scripts/build_data/bpe/test.en_hu.en: 2000 sents, 72236 tokens, 0.0% replaced (by <unk>)
2025-06-05 17:41:35 | INFO | fairseq_cli.preprocess | [hu] Dictionary: 50001 types
2025-06-05 17:41:47 | INFO | fairseq.tasks.text_to_speech | Please install tensorboardX: pip install tensorboardX
2025-06-05 17:41:47 | INFO | fairseq.tasks.text_to_speech | Please install tensorboardX: pip install tensorboardX
2025-06-05 17:41:47 | INFO | fairseq.tasks.text_to_speech | Please install tensorboardX: pip install tensorboardX
2025-06-05 17:42:24 | INFO | fairseq_cli.preprocess | [hu] C:/Users/33491/PycharmProjects/machine/fairseq/models/ZeroTrans/europarl_scripts/build_data/bpe/train.en_hu.hu: 185310 sents, 7206518 tokens, 0.0% replaced (by <unk>)
2025-06-05 17:42:24 | INFO | fairseq_cli.preprocess | [hu] Dictionary: 50001 types
2025-06-05 17:42:34 | INFO | fairseq.tasks.text_to_speech | Please install tensorboardX: pip install tensorboardX
2025-06-05 17:42:35 | INFO | fairseq.tasks.text_to_speech | Please install tensorboardX: pip install tensorboardX
2025-06-05 17:42:35 | INFO | fairseq.tasks.text_to_speech | Please install tensorboardX: pip install tensorboardX
2025-06-05 17:42:38 | INFO | fairseq_cli.preprocess | [hu] C:/Users/33491/PycharmProjects/machine/fairseq/models/ZeroTrans/europarl_scripts/build_data/bpe/valid.en_hu.hu: 2000 sents, 77739 tokens, 0.0% replaced (by <unk>)
2025-06-05 17:42:38 | INFO | fairseq_cli.preprocess | [hu] Dictionary: 50001 types
2025-06-05 17:42:49 | INFO | fairseq.tasks.text_to_speech | Please install tensorboardX: pip install tensorboardX
2025-06-05 17:42:49 | INFO | fairseq.tasks.text_to_speech | Please install tensorboardX: pip install tensorboardX
2025-06-05 17:42:49 | INFO | fairseq.tasks.text_to_speech | Please install tensorboardX: pip install tensorboardX
2025-06-05 17:42:52 | INFO | fairseq_cli.preprocess | [hu] C:/Users/33491/PycharmProjects/machine/fairseq/models/ZeroTrans/europarl_scripts/build_data/bpe/test.en_hu.hu: 2000 sents, 78695 tokens, 0.0% replaced (by <unk>)
2025-06-05 17:42:52 | INFO | fairseq_cli.preprocess | Wrote preprocessed data to C:\Users\33491\PycharmProjects\machine\fairseq\models\ZeroTrans\europarl_scripts\build_data\europarl_15-bin
