2025-06-13 18:33:52 | INFO | fairseq.tasks.text_to_speech | Please install tensorboardX: pip install tensorboardX
2025-06-13 18:33:54 | INFO | fairseq_cli.train | {'_name': None, 'common': {'_name': None, 'no_progress_bar': True, 'log_interval': 10, 'log_format': None, 'log_file': None, 'aim_repo': None, 'aim_run_hash': None, 'tensorboard_logdir': None, 'wandb_project': None, 'azureml_logging': False, 'seed': 0, 'cpu': False, 'tpu': False, 'bf16': False, 'memory_efficient_bf16': False, 'fp16': True, 'memory_efficient_fp16': False, 'fp16_no_flatten_grads': False, 'fp16_init_scale': 128, 'fp16_scale_window': None, 'fp16_scale_tolerance': 0.0, 'on_cpu_convert_precision': False, 'min_loss_scale': 0.0001, 'threshold_loss_scale': None, 'amp': False, 'amp_batch_retries': 2, 'amp_init_scale': 128, 'amp_scale_window': None, 'user_dir': None, 'empty_cache_freq': 0, 'all_gather_list_size': 16384, 'model_parallel_size': 1, 'quantization_config_path': None, 'profile': False, 'reset_logging': False, 'suppress_crashes': False, 'use_plasma_view': False, 'plasma_path': '/tmp/plasma'}, 'common_eval': {'_name': None, 'path': None, 'post_process': None, 'quiet': False, 'model_overrides': '{}', 'results_path': None}, 'distributed_training': {'_name': None, 'distributed_world_size': 1, 'distributed_num_procs': 1, 'distributed_rank': 0, 'distributed_backend': 'nccl', 'distributed_init_method': None, 'distributed_port': -1, 'device_id': 0, 'distributed_no_spawn': False, 'ddp_backend': 'no_c10d', 'ddp_comm_hook': 'none', 'bucket_cap_mb': 25, 'fix_batches_to_gpus': False, 'find_unused_parameters': False, 'gradient_as_bucket_view': False, 'fast_stat_sync': False, 'heartbeat_timeout': -1, 'broadcast_buffers': False, 'slowmo_momentum': None, 'slowmo_base_algorithm': 'localsgd', 'localsgd_frequency': 3, 'nprocs_per_node': 1, 'pipeline_model_parallel': False, 'pipeline_balance': None, 'pipeline_devices': None, 'pipeline_chunks': 0, 'pipeline_encoder_balance': None, 'pipeline_encoder_devices': None, 'pipeline_decoder_balance': None, 'pipeline_decoder_devices': None, 'pipeline_checkpoint': 'never', 'zero_sharding': 'none', 'fp16': True, 'memory_efficient_fp16': False, 'tpu': False, 'no_reshard_after_forward': False, 'fp32_reduce_scatter': False, 'cpu_offload': False, 'use_sharded_state': False, 'not_fsdp_flatten_parameters': False}, 'dataset': {'_name': None, 'num_workers': 0, 'skip_invalid_size_inputs_valid_test': False, 'max_tokens': 2000, 'batch_size': None, 'required_batch_size_multiple': 8, 'required_seq_len_multiple': 1, 'dataset_impl': None, 'data_buffer_size': 10, 'train_subset': 'train', 'valid_subset': 'valid', 'combine_valid_subsets': None, 'ignore_unused_valid_subsets': False, 'validate_interval': 1, 'validate_interval_updates': 0, 'validate_after_updates': 0, 'fixed_validation_seed': None, 'disable_validation': False, 'max_tokens_valid': 2000, 'batch_size_valid': None, 'max_valid_steps': None, 'curriculum': 0, 'gen_subset': 'test', 'num_shards': 1, 'shard_id': 0, 'grouped_shuffling': False, 'update_epoch_batch_itr': False, 'update_ordered_indices_seed': False}, 'optimization': {'_name': None, 'max_epoch': 10, 'max_update': 0, 'stop_time_hours': 0.0, 'clip_norm': 0.0, 'sentence_avg': False, 'update_freq': [1], 'lr': [0.0005], 'stop_min_lr': -1.0, 'use_bmuf': False, 'skip_remainder_batch': False, 'debug_param_names': False}, 'checkpoint': {'_name': None, 'save_dir': 'C:/Users/33491/PycharmProjects/machine\\pdec_work\\checkpoints\\europarl_vanilla\\1', 'restore_file': 'checkpoint_last.pt', 'continue_once': None, 'finetune_from_model': None, 'reset_dataloader': False, 'reset_lr_scheduler': False, 'reset_meters': False, 'reset_optimizer': False, 'optimizer_overrides': '{}', 'save_interval': 1, 'save_interval_updates': 0, 'keep_interval_updates': -1, 'keep_interval_updates_pattern': -1, 'keep_last_epochs': -1, 'keep_best_checkpoints': 5, 'no_save': False, 'no_epoch_checkpoints': True, 'no_last_checkpoints': False, 'no_save_optimizer_state': False, 'best_checkpoint_metric': 'loss', 'maximize_best_checkpoint_metric': False, 'patience': -1, 'checkpoint_suffix': '', 'checkpoint_shard_count': 1, 'load_checkpoint_on_all_dp_ranks': False, 'write_checkpoints_asynchronously': False, 'model_parallel_size': 1}, 'bmuf': {'_name': None, 'block_lr': 1.0, 'block_momentum': 0.875, 'global_sync_iter': 50, 'warmup_iterations': 500, 'use_nbm': False, 'average_sync': False, 'distributed_world_size': 1}, 'generation': {'_name': None, 'beam': 5, 'beam_mt': 0, 'nbest': 1, 'max_len_a': 0.0, 'max_len_b': 200, 'max_len_a_mt': 0.0, 'max_len_b_mt': 200, 'min_len': 1, 'match_source_len': False, 'unnormalized': False, 'no_early_stop': False, 'no_beamable_mm': False, 'lenpen': 1.0, 'lenpen_mt': 1.0, 'unkpen': 0.0, 'replace_unk': None, 'sacrebleu': False, 'score_reference': False, 'prefix_size': 0, 'no_repeat_ngram_size': 0, 'sampling': False, 'sampling_topk': -1, 'sampling_topp': -1.0, 'constraints': None, 'temperature': 1.0, 'diverse_beam_groups': -1, 'diverse_beam_strength': 0.5, 'diversity_rate': -1.0, 'print_alignment': None, 'print_step': False, 'lm_path': None, 'lm_weight': 0.0, 'iter_decode_eos_penalty': 0.0, 'iter_decode_max_iter': 10, 'iter_decode_force_max_iter': False, 'iter_decode_with_beam': 1, 'iter_decode_with_external_reranker': False, 'retain_iter_history': False, 'retain_dropout': False, 'retain_dropout_modules': None, 'decoding_format': None, 'no_seed_provided': False, 'eos_token': None}, 'eval_lm': {'_name': None, 'output_word_probs': False, 'output_word_stats': False, 'context_window': 0, 'softmax_batch': 9223372036854775807}, 'interactive': {'_name': None, 'buffer_size': 0, 'input': '-'}, 'model': Namespace(_name='transformer', activation_dropout=0.0, activation_fn='relu', adam_betas='(0.9,0.98)', adam_eps=1e-08, adaptive_input=False, adaptive_softmax_cutoff=None, adaptive_softmax_dropout=0, aim_repo=None, aim_run_hash=None, all_gather_list_size=16384, amp=False, amp_batch_retries=2, amp_init_scale=128, amp_scale_window=None, arch='transformer', attention_dropout=0.0, azureml_logging=False, batch_size=None, batch_size_valid=None, best_checkpoint_metric='loss', bf16=False, bpe=None, broadcast_buffers=False, bucket_cap_mb=25, checkpoint_activations=False, checkpoint_shard_count=1, checkpoint_suffix='', clip_norm=0.0, combine_valid_subsets=None, continue_once=None, cpu=False, cpu_offload=False, criterion='label_smoothed_cross_entropy', cross_self_attention=False, curriculum=0, data='C:/Users/33491/PycharmProjects/machine/fairseq\\models/ZeroTrans\\europarl_scripts/build_data/europarl_15-bin', data_buffer_size=10, dataset_impl=None, ddp_backend='no_c10d', ddp_comm_hook='none', debug_param_names=False, decoder_attention_heads=8, decoder_embed_dim=512, decoder_embed_path=None, decoder_ffn_embed_dim=2048, decoder_input_dim=512, decoder_langtok=False, decoder_layerdrop=0, decoder_layers=6, decoder_layers_to_keep=None, decoder_learned_pos=False, decoder_normalize_before=False, decoder_output_dim=512, device_id=0, disable_validation=False, distributed_backend='nccl', distributed_init_method=None, distributed_no_spawn=False, distributed_num_procs=1, distributed_port=-1, distributed_rank=0, distributed_world_size=1, dropout=0.1, ema_decay=0.9999, ema_fp32=False, ema_seed_model=None, ema_start_update=0, ema_update_freq=1, empty_cache_freq=0, enable_lang_ids=False, enable_reservsed_directions_shared_datasets=False, encoder_attention_heads=8, encoder_embed_dim=512, encoder_embed_path=None, encoder_ffn_embed_dim=2048, encoder_langtok='tgt', encoder_layerdrop=0, encoder_layers=6, encoder_layers_to_keep=None, encoder_learned_pos=False, encoder_normalize_before=False, eos=2, extra_data=None, extra_lang_pairs=None, fast_stat_sync=False, find_unused_parameters=False, finetune_from_model=None, fix_batches_to_gpus=False, fixed_dictionary=None, fixed_validation_seed=None, fp16=True, fp16_adam_stats=False, fp16_init_scale=128, fp16_no_flatten_grads=False, fp16_scale_tolerance=0.0, fp16_scale_window=None, fp32_reduce_scatter=False, gen_subset='test', gradient_as_bucket_view=False, grouped_shuffling=False, heartbeat_timeout=-1, ignore_prefix_size=0, ignore_unused_valid_subsets=False, keep_best_checkpoints=5, keep_inference_langtok=False, keep_interval_updates=-1, keep_interval_updates_pattern=-1, keep_last_epochs=-1, label_smoothing=0.1, lang_dict=None, lang_pairs='en-de,de-en,en-es,es-en,en-it,it-en', lang_tok_replacing_bos_eos=False, lang_tok_style='multilingual', langs=['en', 'de', 'es', 'it'], langtoks=None, langtoks_specs=['main'], layernorm_embedding=False, left_pad_source='True', left_pad_target='False', load_alignments=False, load_checkpoint_on_all_dp_ranks=False, localsgd_frequency=3, log_file=None, log_format=None, log_interval=10, lr=[0.0005], lr_scheduler='inverse_sqrt', max_epoch=10, max_tokens=2000, max_tokens_valid=2000, max_update=0, max_valid_steps=None, maximize_best_checkpoint_metric=False, memory_efficient_bf16=False, memory_efficient_fp16=False, merge_src_tgt_embed=False, min_loss_scale=0.0001, model_parallel_size=1, no_cross_attention=False, no_epoch_checkpoints=True, no_last_checkpoints=False, no_progress_bar=True, no_reshard_after_forward=False, no_save=False, no_save_optimizer_state=False, no_scale_embedding=False, no_seed_provided=False, no_token_positional_embeddings=False, not_fsdp_flatten_parameters=False, nprocs_per_node=1, num_shards=1, num_workers=0, offload_activations=False, on_cpu_convert_precision=False, optimizer='adam', optimizer_overrides='{}', pad=1, patience=-1, pipeline_balance=None, pipeline_checkpoint='never', pipeline_chunks=0, pipeline_decoder_balance=None, pipeline_decoder_devices=None, pipeline_devices=None, pipeline_encoder_balance=None, pipeline_encoder_devices=None, pipeline_model_parallel=False, plasma_path='/tmp/plasma', profile=False, quant_noise_pq=0, quant_noise_pq_block_size=8, quant_noise_scalar=0, quantization_config_path=None, report_accuracy=False, required_batch_size_multiple=8, required_seq_len_multiple=1, reset_dataloader=False, reset_logging=False, reset_lr_scheduler=False, reset_meters=False, reset_optimizer=False, restore_file='checkpoint_last.pt', sampling_method='temperature', sampling_temperature=5.0, sampling_weights=None, sampling_weights_from_file=None, save_dir='C:/Users/33491/PycharmProjects/machine\\pdec_work\\checkpoints\\europarl_vanilla\\1', save_interval=1, save_interval_updates=0, scoring='bleu', seed=0, sentence_avg=False, shard_id=0, share_all_embeddings=True, share_decoder_input_output_embed=False, simul_type=None, skip_invalid_size_inputs_valid_test=False, skip_remainder_batch=False, slowmo_base_algorithm='localsgd', slowmo_momentum=None, source_dict=None, source_lang=None, stop_min_lr=-1.0, stop_time_hours=0, store_ema=False, suppress_crashes=False, target_dict=None, target_lang=None, task='translation_multi_simple_epoch', tensorboard_logdir=None, threshold_loss_scale=None, tie_adaptive_weights=False, tokenizer=None, tpu=False, train_subset='train', truncate_source=False, unk=3, update_epoch_batch_itr=False, update_freq=[1], update_ordered_indices_seed=False, upsample_primary=1, use_bmuf=False, use_old_adam=False, use_plasma_view=False, use_sharded_state=False, user_dir=None, valid_subset='valid', validate_after_updates=0, validate_interval=1, validate_interval_updates=0, virtual_data_size=None, virtual_epoch_size=None, wandb_project=None, warmup_init_lr=-1, warmup_updates=4000, weight_decay=0.0001, write_checkpoints_asynchronously=False, zero_sharding='none'), 'task': Namespace(_name='translation_multi_simple_epoch', activation_dropout=0.0, activation_fn='relu', adam_betas='(0.9,0.98)', adam_eps=1e-08, adaptive_input=False, adaptive_softmax_cutoff=None, adaptive_softmax_dropout=0, aim_repo=None, aim_run_hash=None, all_gather_list_size=16384, amp=False, amp_batch_retries=2, amp_init_scale=128, amp_scale_window=None, arch='transformer', attention_dropout=0.0, azureml_logging=False, batch_size=None, batch_size_valid=None, best_checkpoint_metric='loss', bf16=False, bpe=None, broadcast_buffers=False, bucket_cap_mb=25, checkpoint_activations=False, checkpoint_shard_count=1, checkpoint_suffix='', clip_norm=0.0, combine_valid_subsets=None, continue_once=None, cpu=False, cpu_offload=False, criterion='label_smoothed_cross_entropy', cross_self_attention=False, curriculum=0, data='C:/Users/33491/PycharmProjects/machine/fairseq\\models/ZeroTrans\\europarl_scripts/build_data/europarl_15-bin', data_buffer_size=10, dataset_impl=None, ddp_backend='no_c10d', ddp_comm_hook='none', debug_param_names=False, decoder_attention_heads=8, decoder_embed_dim=512, decoder_embed_path=None, decoder_ffn_embed_dim=2048, decoder_input_dim=512, decoder_langtok=False, decoder_layerdrop=0, decoder_layers=6, decoder_layers_to_keep=None, decoder_learned_pos=False, decoder_normalize_before=False, decoder_output_dim=512, device_id=0, disable_validation=False, distributed_backend='nccl', distributed_init_method=None, distributed_no_spawn=False, distributed_num_procs=1, distributed_port=-1, distributed_rank=0, distributed_world_size=1, dropout=0.1, ema_decay=0.9999, ema_fp32=False, ema_seed_model=None, ema_start_update=0, ema_update_freq=1, empty_cache_freq=0, enable_lang_ids=False, enable_reservsed_directions_shared_datasets=False, encoder_attention_heads=8, encoder_embed_dim=512, encoder_embed_path=None, encoder_ffn_embed_dim=2048, encoder_langtok='tgt', encoder_layerdrop=0, encoder_layers=6, encoder_layers_to_keep=None, encoder_learned_pos=False, encoder_normalize_before=False, eos=2, extra_data=None, extra_lang_pairs=None, fast_stat_sync=False, find_unused_parameters=False, finetune_from_model=None, fix_batches_to_gpus=False, fixed_dictionary=None, fixed_validation_seed=None, fp16=True, fp16_adam_stats=False, fp16_init_scale=128, fp16_no_flatten_grads=False, fp16_scale_tolerance=0.0, fp16_scale_window=None, fp32_reduce_scatter=False, gen_subset='test', gradient_as_bucket_view=False, grouped_shuffling=False, heartbeat_timeout=-1, ignore_prefix_size=0, ignore_unused_valid_subsets=False, keep_best_checkpoints=5, keep_inference_langtok=False, keep_interval_updates=-1, keep_interval_updates_pattern=-1, keep_last_epochs=-1, label_smoothing=0.1, lang_dict=None, lang_pairs='en-de,de-en,en-es,es-en,en-it,it-en', lang_tok_replacing_bos_eos=False, lang_tok_style='multilingual', langs=['en', 'de', 'es', 'it'], langtoks=None, langtoks_specs=['main'], layernorm_embedding=False, left_pad_source='True', left_pad_target='False', load_alignments=False, load_checkpoint_on_all_dp_ranks=False, localsgd_frequency=3, log_file=None, log_format=None, log_interval=10, lr=[0.0005], lr_scheduler='inverse_sqrt', max_epoch=10, max_source_positions=1024, max_target_positions=1024, max_tokens=2000, max_tokens_valid=2000, max_update=0, max_valid_steps=None, maximize_best_checkpoint_metric=False, memory_efficient_bf16=False, memory_efficient_fp16=False, merge_src_tgt_embed=False, min_loss_scale=0.0001, model_parallel_size=1, no_cross_attention=False, no_epoch_checkpoints=True, no_last_checkpoints=False, no_progress_bar=True, no_reshard_after_forward=False, no_save=False, no_save_optimizer_state=False, no_scale_embedding=False, no_seed_provided=False, no_token_positional_embeddings=False, not_fsdp_flatten_parameters=False, nprocs_per_node=1, num_shards=1, num_workers=0, offload_activations=False, on_cpu_convert_precision=False, optimizer='adam', optimizer_overrides='{}', pad=1, patience=-1, pipeline_balance=None, pipeline_checkpoint='never', pipeline_chunks=0, pipeline_decoder_balance=None, pipeline_decoder_devices=None, pipeline_devices=None, pipeline_encoder_balance=None, pipeline_encoder_devices=None, pipeline_model_parallel=False, plasma_path='/tmp/plasma', profile=False, quant_noise_pq=0, quant_noise_pq_block_size=8, quant_noise_scalar=0, quantization_config_path=None, report_accuracy=False, required_batch_size_multiple=8, required_seq_len_multiple=1, reset_dataloader=False, reset_logging=False, reset_lr_scheduler=False, reset_meters=False, reset_optimizer=False, restore_file='checkpoint_last.pt', sampling_method='temperature', sampling_temperature=5.0, sampling_weights=None, sampling_weights_from_file=None, save_dir='C:/Users/33491/PycharmProjects/machine\\pdec_work\\checkpoints\\europarl_vanilla\\1', save_interval=1, save_interval_updates=0, scoring='bleu', seed=0, sentence_avg=False, shard_id=0, share_all_embeddings=True, share_decoder_input_output_embed=False, simul_type=None, skip_invalid_size_inputs_valid_test=False, skip_remainder_batch=False, slowmo_base_algorithm='localsgd', slowmo_momentum=None, source_dict=None, source_lang=None, stop_min_lr=-1.0, stop_time_hours=0, store_ema=False, suppress_crashes=False, target_dict=None, target_lang=None, task='translation_multi_simple_epoch', tensorboard_logdir=None, threshold_loss_scale=None, tie_adaptive_weights=False, tokenizer=None, tpu=False, train_subset='train', truncate_source=False, unk=3, update_epoch_batch_itr=False, update_freq=[1], update_ordered_indices_seed=False, upsample_primary=1, use_bmuf=False, use_old_adam=False, use_plasma_view=False, use_sharded_state=False, user_dir=None, valid_subset='valid', validate_after_updates=0, validate_interval=1, validate_interval_updates=0, virtual_data_size=None, virtual_epoch_size=None, wandb_project=None, warmup_init_lr=-1, warmup_updates=4000, weight_decay=0.0001, write_checkpoints_asynchronously=False, zero_sharding='none'), 'criterion': {'_name': 'label_smoothed_cross_entropy', 'label_smoothing': 0.1, 'report_accuracy': False, 'ignore_prefix_size': 0, 'sentence_avg': False}, 'optimizer': {'_name': 'adam', 'adam_betas': '(0.9,0.98)', 'adam_eps': 1e-08, 'weight_decay': 0.0001, 'use_old_adam': False, 'fp16_adam_stats': False, 'tpu': False, 'lr': [0.0005]}, 'lr_scheduler': {'_name': 'inverse_sqrt', 'warmup_updates': 4000, 'warmup_init_lr': -1.0, 'lr': [0.0005]}, 'scoring': {'_name': 'bleu', 'pad': 1, 'eos': 2, 'unk': 3}, 'bpe': None, 'tokenizer': None, 'ema': {'_name': None, 'store_ema': False, 'ema_decay': 0.9999, 'ema_start_update': 0, 'ema_seed_model': None, 'ema_update_freq': 1, 'ema_fp32': False}, 'simul_type': None}
2025-06-13 18:33:54 | INFO | fairseq.data.multilingual.multilingual_data_manager | parsed the language list as they are ordered in the option: ['en', 'de', 'es', 'it']
2025-06-13 18:33:55 | INFO | fairseq.data.multilingual.multilingual_data_manager | [it] dictionary: 50005 types
2025-06-13 18:33:55 | INFO | fairseq.data.multilingual.multilingual_data_manager | [it] dictionary: 50005 types
2025-06-13 18:33:56 | INFO | fairseq_cli.train | TransformerModel(
  (encoder): TransformerEncoderBase(
    (dropout_module): FairseqDropout()
    (embed_tokens): Embedding(50005, 512, padding_idx=1)
    (embed_positions): SinusoidalPositionalEmbedding()
    (layers): ModuleList(
      (0-5): 6 x TransformerEncoderLayerBase(
        (self_attn): MultiheadAttention(
          (dropout_module): FairseqDropout()
          (k_proj): Linear(in_features=512, out_features=512, bias=True)
          (v_proj): Linear(in_features=512, out_features=512, bias=True)
          (q_proj): Linear(in_features=512, out_features=512, bias=True)
          (out_proj): Linear(in_features=512, out_features=512, bias=True)
        )
        (self_attn_layer_norm): LayerNorm((512,), eps=1e-05, elementwise_affine=True)
        (dropout_module): FairseqDropout()
        (activation_dropout_module): FairseqDropout()
        (fc1): Linear(in_features=512, out_features=2048, bias=True)
        (fc2): Linear(in_features=2048, out_features=512, bias=True)
        (final_layer_norm): LayerNorm((512,), eps=1e-05, elementwise_affine=True)
      )
    )
  )
  (decoder): TransformerDecoderBase(
    (dropout_module): FairseqDropout()
    (embed_tokens): Embedding(50005, 512, padding_idx=1)
    (embed_positions): SinusoidalPositionalEmbedding()
    (layers): ModuleList(
      (0-5): 6 x TransformerDecoderLayerBase(
        (dropout_module): FairseqDropout()
        (self_attn): MultiheadAttention(
          (dropout_module): FairseqDropout()
          (k_proj): Linear(in_features=512, out_features=512, bias=True)
          (v_proj): Linear(in_features=512, out_features=512, bias=True)
          (q_proj): Linear(in_features=512, out_features=512, bias=True)
          (out_proj): Linear(in_features=512, out_features=512, bias=True)
        )
        (activation_dropout_module): FairseqDropout()
        (self_attn_layer_norm): LayerNorm((512,), eps=1e-05, elementwise_affine=True)
        (encoder_attn): MultiheadAttention(
          (dropout_module): FairseqDropout()
          (k_proj): Linear(in_features=512, out_features=512, bias=True)
          (v_proj): Linear(in_features=512, out_features=512, bias=True)
          (q_proj): Linear(in_features=512, out_features=512, bias=True)
          (out_proj): Linear(in_features=512, out_features=512, bias=True)
        )
        (encoder_attn_layer_norm): LayerNorm((512,), eps=1e-05, elementwise_affine=True)
        (fc1): Linear(in_features=512, out_features=2048, bias=True)
        (fc2): Linear(in_features=2048, out_features=512, bias=True)
        (final_layer_norm): LayerNorm((512,), eps=1e-05, elementwise_affine=True)
      )
    )
    (output_projection): Linear(in_features=512, out_features=50005, bias=False)
  )
)
2025-06-13 18:33:56 | INFO | fairseq_cli.train | task: TranslationMultiSimpleEpochTask
2025-06-13 18:33:56 | INFO | fairseq_cli.train | model: TransformerModel
2025-06-13 18:33:56 | INFO | fairseq_cli.train | criterion: LabelSmoothedCrossEntropyCriterion
2025-06-13 18:33:56 | INFO | fairseq_cli.train | num. shared model params: 69,741,056 (num. trained: 69,741,056)
2025-06-13 18:33:56 | INFO | fairseq_cli.train | num. expert model params: 0 (num. trained: 0)
2025-06-13 18:33:56 | INFO | fairseq.tasks.translation_multi_simple_epoch | loading data for valid epoch=1/None
2025-06-13 18:33:56 | INFO | fairseq.tasks.translation_multi_simple_epoch | mem usage: used=12118.1953125Mb; avail=3439.3125Mb
2025-06-13 18:33:56 | INFO | fairseq.data.multilingual.multilingual_data_manager | langtoks settings: {'main': ('tgt', None)}
2025-06-13 18:33:56 | INFO | fairseq.data.multilingual.multilingual_data_manager | [valid] num of shards: {'main:en-de': 1, 'main:de-en': 1, 'main:en-es': 1, 'main:es-en': 1, 'main:en-it': 1, 'main:it-en': 1}
2025-06-13 18:33:56 | INFO | fairseq.data.multilingual.multilingual_data_manager | main:en-de src_langtok: 50002; tgt_langtok: None
2025-06-13 18:33:56 | INFO | fairseq.data.data_utils | loaded 2,000 examples from: C:/Users/33491/PycharmProjects/machine/fairseq\models/ZeroTrans\europarl_scripts/build_data/europarl_15-bin\valid.en-de.en
2025-06-13 18:33:56 | INFO | fairseq.data.data_utils | loaded 2,000 examples from: C:/Users/33491/PycharmProjects/machine/fairseq\models/ZeroTrans\europarl_scripts/build_data/europarl_15-bin\valid.en-de.de
2025-06-13 18:33:56 | INFO | fairseq.data.multilingual.multilingual_data_manager | C:/Users/33491/PycharmProjects/machine/fairseq\models/ZeroTrans\europarl_scripts/build_data/europarl_15-bin valid en-de 2000 examples
2025-06-13 18:33:56 | INFO | fairseq.data.multilingual.multilingual_data_manager | main:de-en src_langtok: 50001; tgt_langtok: None
2025-06-13 18:33:56 | INFO | fairseq.data.data_utils | loaded 2,000 examples from: C:/Users/33491/PycharmProjects/machine/fairseq\models/ZeroTrans\europarl_scripts/build_data/europarl_15-bin\valid.de-en.de
2025-06-13 18:33:56 | INFO | fairseq.data.data_utils | loaded 2,000 examples from: C:/Users/33491/PycharmProjects/machine/fairseq\models/ZeroTrans\europarl_scripts/build_data/europarl_15-bin\valid.de-en.en
2025-06-13 18:33:56 | INFO | fairseq.data.multilingual.multilingual_data_manager | C:/Users/33491/PycharmProjects/machine/fairseq\models/ZeroTrans\europarl_scripts/build_data/europarl_15-bin valid de-en 2000 examples
2025-06-13 18:33:56 | INFO | fairseq.data.multilingual.multilingual_data_manager | main:en-es src_langtok: 50003; tgt_langtok: None
2025-06-13 18:33:56 | INFO | fairseq.data.data_utils | loaded 2,000 examples from: C:/Users/33491/PycharmProjects/machine/fairseq\models/ZeroTrans\europarl_scripts/build_data/europarl_15-bin\valid.en-es.en
2025-06-13 18:33:56 | INFO | fairseq.data.data_utils | loaded 2,000 examples from: C:/Users/33491/PycharmProjects/machine/fairseq\models/ZeroTrans\europarl_scripts/build_data/europarl_15-bin\valid.en-es.es
2025-06-13 18:33:56 | INFO | fairseq.data.multilingual.multilingual_data_manager | C:/Users/33491/PycharmProjects/machine/fairseq\models/ZeroTrans\europarl_scripts/build_data/europarl_15-bin valid en-es 2000 examples
2025-06-13 18:33:56 | INFO | fairseq.data.multilingual.multilingual_data_manager | main:es-en src_langtok: 50001; tgt_langtok: None
2025-06-13 18:33:56 | INFO | fairseq.data.data_utils | loaded 2,000 examples from: C:/Users/33491/PycharmProjects/machine/fairseq\models/ZeroTrans\europarl_scripts/build_data/europarl_15-bin\valid.es-en.es
2025-06-13 18:33:56 | INFO | fairseq.data.data_utils | loaded 2,000 examples from: C:/Users/33491/PycharmProjects/machine/fairseq\models/ZeroTrans\europarl_scripts/build_data/europarl_15-bin\valid.es-en.en
2025-06-13 18:33:56 | INFO | fairseq.data.multilingual.multilingual_data_manager | C:/Users/33491/PycharmProjects/machine/fairseq\models/ZeroTrans\europarl_scripts/build_data/europarl_15-bin valid es-en 2000 examples
2025-06-13 18:33:56 | INFO | fairseq.data.multilingual.multilingual_data_manager | main:en-it src_langtok: 50004; tgt_langtok: None
2025-06-13 18:33:56 | INFO | fairseq.data.data_utils | loaded 2,000 examples from: C:/Users/33491/PycharmProjects/machine/fairseq\models/ZeroTrans\europarl_scripts/build_data/europarl_15-bin\valid.en-it.en
2025-06-13 18:33:56 | INFO | fairseq.data.data_utils | loaded 2,000 examples from: C:/Users/33491/PycharmProjects/machine/fairseq\models/ZeroTrans\europarl_scripts/build_data/europarl_15-bin\valid.en-it.it
2025-06-13 18:33:56 | INFO | fairseq.data.multilingual.multilingual_data_manager | C:/Users/33491/PycharmProjects/machine/fairseq\models/ZeroTrans\europarl_scripts/build_data/europarl_15-bin valid en-it 2000 examples
2025-06-13 18:33:56 | INFO | fairseq.data.multilingual.multilingual_data_manager | main:it-en src_langtok: 50001; tgt_langtok: None
2025-06-13 18:33:56 | INFO | fairseq.data.data_utils | loaded 2,000 examples from: C:/Users/33491/PycharmProjects/machine/fairseq\models/ZeroTrans\europarl_scripts/build_data/europarl_15-bin\valid.it-en.it
2025-06-13 18:33:56 | INFO | fairseq.data.data_utils | loaded 2,000 examples from: C:/Users/33491/PycharmProjects/machine/fairseq\models/ZeroTrans\europarl_scripts/build_data/europarl_15-bin\valid.it-en.en
2025-06-13 18:33:56 | INFO | fairseq.data.multilingual.multilingual_data_manager | C:/Users/33491/PycharmProjects/machine/fairseq\models/ZeroTrans\europarl_scripts/build_data/europarl_15-bin valid it-en 2000 examples
2025-06-13 18:33:56 | INFO | fairseq.trainer | detected shared parameter: encoder.embed_tokens.weight <- decoder.embed_tokens.weight
2025-06-13 18:33:56 | INFO | fairseq.trainer | detected shared parameter: encoder.embed_tokens.weight <- decoder.output_projection.weight
2025-06-13 18:33:56 | INFO | fairseq_cli.train | training on 1 devices (GPUs/TPUs)
2025-06-13 18:33:56 | INFO | fairseq_cli.train | max tokens per device = 2000 and max sentences per device = None
2025-06-13 18:33:56 | INFO | fairseq.trainer | Preparing to load checkpoint C:/Users/33491/PycharmProjects/machine\pdec_work\checkpoints\europarl_vanilla\1\checkpoint_last.pt
2025-06-13 18:33:56 | INFO | fairseq.trainer | No existing checkpoint found C:/Users/33491/PycharmProjects/machine\pdec_work\checkpoints\europarl_vanilla\1\checkpoint_last.pt
2025-06-13 18:33:56 | INFO | fairseq.trainer | loading train data for epoch 1
2025-06-13 18:33:56 | INFO | fairseq.tasks.translation_multi_simple_epoch | loading data for train epoch=1/None
2025-06-13 18:33:56 | INFO | fairseq.tasks.translation_multi_simple_epoch | mem usage: used=11876.4375Mb; avail=3681.61328125Mb
2025-06-13 18:33:56 | INFO | fairseq.data.multilingual.multilingual_data_manager | langtoks settings: {'main': ('tgt', None)}
2025-06-13 18:33:56 | INFO | fairseq.data.multilingual.multilingual_data_manager | [train] num of shards: {'main:en-de': 1, 'main:de-en': 1, 'main:en-es': 1, 'main:es-en': 1, 'main:en-it': 1, 'main:it-en': 1}
2025-06-13 18:33:56 | INFO | fairseq.data.multilingual.multilingual_data_manager | main:en-de src_langtok: 50002; tgt_langtok: None
2025-06-13 18:33:56 | INFO | fairseq.data.data_utils | loaded 185,310 examples from: C:/Users/33491/PycharmProjects/machine/fairseq\models/ZeroTrans\europarl_scripts/build_data/europarl_15-bin\train.en-de.en
2025-06-13 18:33:56 | INFO | fairseq.data.data_utils | loaded 185,310 examples from: C:/Users/33491/PycharmProjects/machine/fairseq\models/ZeroTrans\europarl_scripts/build_data/europarl_15-bin\train.en-de.de
2025-06-13 18:33:56 | INFO | fairseq.data.multilingual.multilingual_data_manager | C:/Users/33491/PycharmProjects/machine/fairseq\models/ZeroTrans\europarl_scripts/build_data/europarl_15-bin train en-de 185310 examples
2025-06-13 18:33:56 | INFO | fairseq.data.multilingual.multilingual_data_manager | main:de-en src_langtok: 50001; tgt_langtok: None
2025-06-13 18:33:56 | INFO | fairseq.data.data_utils | loaded 185,310 examples from: C:/Users/33491/PycharmProjects/machine/fairseq\models/ZeroTrans\europarl_scripts/build_data/europarl_15-bin\train.de-en.de
2025-06-13 18:33:56 | INFO | fairseq.data.data_utils | loaded 185,310 examples from: C:/Users/33491/PycharmProjects/machine/fairseq\models/ZeroTrans\europarl_scripts/build_data/europarl_15-bin\train.de-en.en
2025-06-13 18:33:56 | INFO | fairseq.data.multilingual.multilingual_data_manager | C:/Users/33491/PycharmProjects/machine/fairseq\models/ZeroTrans\europarl_scripts/build_data/europarl_15-bin train de-en 185310 examples
2025-06-13 18:33:56 | INFO | fairseq.data.multilingual.multilingual_data_manager | main:en-es src_langtok: 50003; tgt_langtok: None
2025-06-13 18:33:56 | INFO | fairseq.data.data_utils | loaded 185,310 examples from: C:/Users/33491/PycharmProjects/machine/fairseq\models/ZeroTrans\europarl_scripts/build_data/europarl_15-bin\train.en-es.en
2025-06-13 18:33:57 | INFO | fairseq.data.data_utils | loaded 185,310 examples from: C:/Users/33491/PycharmProjects/machine/fairseq\models/ZeroTrans\europarl_scripts/build_data/europarl_15-bin\train.en-es.es
2025-06-13 18:33:57 | INFO | fairseq.data.multilingual.multilingual_data_manager | C:/Users/33491/PycharmProjects/machine/fairseq\models/ZeroTrans\europarl_scripts/build_data/europarl_15-bin train en-es 185310 examples
2025-06-13 18:33:57 | INFO | fairseq.data.multilingual.multilingual_data_manager | main:es-en src_langtok: 50001; tgt_langtok: None
2025-06-13 18:33:57 | INFO | fairseq.data.data_utils | loaded 185,310 examples from: C:/Users/33491/PycharmProjects/machine/fairseq\models/ZeroTrans\europarl_scripts/build_data/europarl_15-bin\train.es-en.es
2025-06-13 18:33:57 | INFO | fairseq.data.data_utils | loaded 185,310 examples from: C:/Users/33491/PycharmProjects/machine/fairseq\models/ZeroTrans\europarl_scripts/build_data/europarl_15-bin\train.es-en.en
2025-06-13 18:33:57 | INFO | fairseq.data.multilingual.multilingual_data_manager | C:/Users/33491/PycharmProjects/machine/fairseq\models/ZeroTrans\europarl_scripts/build_data/europarl_15-bin train es-en 185310 examples
2025-06-13 18:33:57 | INFO | fairseq.data.multilingual.multilingual_data_manager | main:en-it src_langtok: 50004; tgt_langtok: None
2025-06-13 18:33:57 | INFO | fairseq.data.data_utils | loaded 185,310 examples from: C:/Users/33491/PycharmProjects/machine/fairseq\models/ZeroTrans\europarl_scripts/build_data/europarl_15-bin\train.en-it.en
2025-06-13 18:33:57 | INFO | fairseq.data.data_utils | loaded 185,310 examples from: C:/Users/33491/PycharmProjects/machine/fairseq\models/ZeroTrans\europarl_scripts/build_data/europarl_15-bin\train.en-it.it
2025-06-13 18:33:57 | INFO | fairseq.data.multilingual.multilingual_data_manager | C:/Users/33491/PycharmProjects/machine/fairseq\models/ZeroTrans\europarl_scripts/build_data/europarl_15-bin train en-it 185310 examples
2025-06-13 18:33:57 | INFO | fairseq.data.multilingual.multilingual_data_manager | main:it-en src_langtok: 50001; tgt_langtok: None
2025-06-13 18:33:57 | INFO | fairseq.data.data_utils | loaded 185,310 examples from: C:/Users/33491/PycharmProjects/machine/fairseq\models/ZeroTrans\europarl_scripts/build_data/europarl_15-bin\train.it-en.it
2025-06-13 18:33:57 | INFO | fairseq.data.data_utils | loaded 185,310 examples from: C:/Users/33491/PycharmProjects/machine/fairseq\models/ZeroTrans\europarl_scripts/build_data/europarl_15-bin\train.it-en.en
2025-06-13 18:33:57 | INFO | fairseq.data.multilingual.multilingual_data_manager | C:/Users/33491/PycharmProjects/machine/fairseq\models/ZeroTrans\europarl_scripts/build_data/europarl_15-bin train it-en 185310 examples
2025-06-13 18:33:57 | INFO | fairseq.data.multilingual.multilingual_data_manager | estimated total data sizes of all shards used in sampling ratios: [('main:en-de', 185310), ('main:de-en', 185310), ('main:en-es', 185310), ('main:es-en', 185310), ('main:en-it', 185310), ('main:it-en', 185310)]. Note that if the data a shard has not been loaded yet, use the max known data size to approximate
2025-06-13 18:33:57 | INFO | fairseq.data.multilingual.sampling_method | selected sampler: temperature
2025-06-13 18:33:57 | INFO | fairseq.data.multilingual.multilingual_data_manager | | Upsample ratios: [('main:en-de', 0.6988271187715792), ('main:de-en', 0.6988271187715792), ('main:en-es', 0.6988271187715792), ('main:es-en', 0.6988271187715792), ('main:en-it', 0.6988271187715792), ('main:it-en', 0.6988271187715792)]
2025-06-13 18:33:57 | INFO | fairseq.data.multilingual.sampled_multi_dataset | [train] Raw sizes: {'main:en-de': 185310, 'main:de-en': 185310, 'main:en-es': 185310, 'main:es-en': 185310, 'main:en-it': 185310, 'main:it-en': 185310}; raw total size: 1111860
2025-06-13 18:33:57 | INFO | fairseq.data.multilingual.sampled_multi_dataset | [train] Resampled sizes: {'main:en-de': 185310, 'main:de-en': 185310, 'main:en-es': 185310, 'main:es-en': 185310, 'main:en-it': 185310, 'main:it-en': 185310}; resampled total size: 1111860
2025-06-13 18:33:57 | INFO | fairseq.data.multilingual.sampled_multi_dataset | [train] Upsampling ratios: {'main:en-de': 0.6988271187715792, 'main:de-en': 0.6988271187715792, 'main:en-es': 0.6988271187715792, 'main:es-en': 0.6988271187715792, 'main:en-it': 0.6988271187715792, 'main:it-en': 0.6988271187715792}
2025-06-13 18:33:57 | INFO | fairseq.data.multilingual.sampled_multi_dataset | [train] virtual dataset established time: 0:00:00.026779
2025-06-13 18:33:57 | INFO | fairseq.tasks.translation_multi_simple_epoch | start batch sampler: mem usage: used=11810.078125Mb; avail=3746.47265625Mb
2025-06-13 18:33:57 | INFO | fairseq.data.multilingual.sampled_multi_dataset | sizes() calling time: 0:00:00.008470
2025-06-13 18:33:57 | INFO | fairseq.tasks.translation_multi_simple_epoch | [train] @batch_sampler order indices time: 0:00:00.125097
2025-06-13 18:33:57 | INFO | fairseq.tasks.translation_multi_simple_epoch | mem usage: used=11822.11328125Mb; avail=3734.52734375Mb
2025-06-13 18:33:57 | INFO | fairseq.tasks.translation_multi_simple_epoch | [train] @batch_sampler filter_by_size time: 0:00:00.008153
2025-06-13 18:33:57 | INFO | fairseq.tasks.translation_multi_simple_epoch | mem usage: used=11821.74609375Mb; avail=3734.42578125Mb
2025-06-13 18:33:57 | INFO | fairseq.tasks.translation_multi_simple_epoch | [train] @batch_sampler batch_by_size time: 0:00:00.075775
2025-06-13 18:33:57 | INFO | fairseq.tasks.translation_multi_simple_epoch | [train] per epoch batch_sampler set-up time: 0:00:00.217464
2025-06-13 18:33:57 | INFO | fairseq.tasks.translation_multi_simple_epoch | mem usage: used=11831.91015625Mb; avail=3724.328125Mb
Traceback (most recent call last):
  File "train.py", line 14, in <module>
    cli_main()
  File "C:\Users\33491\PycharmProjects\machine\fairseq\fairseq_cli\train.py", line 574, in cli_main
    distributed_utils.call_main(cfg, main)
  File "C:\Users\33491\PycharmProjects\machine\fairseq\fairseq\distributed\utils.py", line 404, in call_main
    main(cfg, **kwargs)
  File "C:\Users\33491\PycharmProjects\machine\fairseq\fairseq_cli\train.py", line 165, in main
    extra_state, epoch_itr = checkpoint_utils.load_checkpoint(
  File "C:\Users\33491\PycharmProjects\machine\fairseq\fairseq\checkpoint_utils.py", line 313, in load_checkpoint
    trainer.lr_step(epoch_itr.epoch)
  File "C:\Users\33491\PycharmProjects\machine\fairseq\fairseq\trainer.py", line 1203, in lr_step
    self.lr_scheduler.step(epoch, val_loss)
  File "C:\Users\33491\PycharmProjects\machine\fairseq\fairseq\trainer.py", line 286, in lr_scheduler
    self._build_optimizer()  # this will initialize self._lr_scheduler
  File "C:\Users\33491\PycharmProjects\machine\fairseq\fairseq\trainer.py", line 338, in _build_optimizer
    self._optimizer = optim.FP16Optimizer.build_optimizer(self.cfg, params)
  File "C:\Users\33491\PycharmProjects\machine\fairseq\fairseq\optim\fp16_optimizer.py", line 330, in build_optimizer
    fp32_params = cls.build_fp32_params(cfg.optimizer, params, flatten=flatten)
  File "C:\Users\33491\PycharmProjects\machine\fairseq\fairseq\optim\fp16_optimizer.py", line 44, in build_fp32_params
    devices = [torch.cuda.current_device()]
  File "D:\conda_envs\YOLOV11\lib\site-packages\torch\cuda\__init__.py", line 674, in current_device
    _lazy_init()
  File "D:\conda_envs\YOLOV11\lib\site-packages\torch\cuda\__init__.py", line 239, in _lazy_init
    raise AssertionError("Torch not compiled with CUDA enabled")
AssertionError: Torch not compiled with CUDA enabled
